Start bootstrapable server on addr 127.0.0.1:3001
Example of posts:
Example of /insert body: {"Update":["key","value"]}
receive insert
insert key: 39 130
quit insert function
dump: 39: 130;
receive insert
insert key: 2 414
quit insert function
dump: 2: 414;39: 130;
receive insert
insert key: 23 888
quit insert function
dump: 2: 414;23: 888;39: 130;
receive insert
insert key: 67 605
quit insert function
dump: 2: 414;23: 888;39: 130;67: 605;
receive insert
insert key: 4 988
quit insert function
dump: 2: 414;23: 888;39: 130;4: 988;67: 605;
receive insert
insert key: 26 654
quit insert function
dump: 2: 414;23: 888;26: 654;39: 130;4: 988;67: 605;
receive insert
insert key: 34 11
quit insert function
dump: 2: 414;23: 888;26: 654;34: 11;39: 130;4: 988;67: 605;
receive insert
insert key: 35 809
quit insert function
dump: 2: 414;23: 888;26: 654;34: 11;35: 809;39: 130;4: 988;67: 605;
receive insert
insert key: 77 39
quit insert function
dump: 2: 414;23: 888;26: 654;34: 11;35: 809;39: 130;4: 988;67: 605;77: 39;
receive insert
insert key: 28 392
quit insert function
dump: 2: 414;23: 888;26: 654;28: 392;34: 11;35: 809;39: 130;4: 988;67: 605;77: 39;
receive insert
insert key: 56 189
quit insert function
dump: 2: 414;23: 888;26: 654;28: 392;34: 11;35: 809;39: 130;4: 988;56: 189;67: 605;77: 39;
receive insert
insert key: 50 40
quit insert function
dump: 2: 414;23: 888;26: 654;28: 392;34: 11;35: 809;39: 130;4: 988;50: 40;56: 189;67: 605;77: 39;
receive insert
insert key: 38 916
quit insert function
dump: 2: 414;23: 888;26: 654;28: 392;34: 11;35: 809;38: 916;39: 130;4: 988;50: 40;56: 189;67: 605;77: 39;
receive insert
insert key: 41 624
quit insert function
dump: 2: 414;23: 888;26: 654;28: 392;34: 11;35: 809;38: 916;39: 130;4: 988;41: 624;50: 40;56: 189;67: 605;77: 39;
receive insert
insert key: 57 776
quit insert function
dump: 2: 414;23: 888;26: 654;28: 392;34: 11;35: 809;38: 916;39: 130;4: 988;41: 624;50: 40;56: 189;57: 776;67: 605;77: 39;
receive insert
insert key: 29 453
quit insert function
dump: 2: 414;23: 888;26: 654;28: 392;29: 453;34: 11;35: 809;38: 916;39: 130;4: 988;41: 624;50: 40;56: 189;57: 776;67: 605;77: 39;
receive insert
insert key: 50 4
quit insert function
dump: 2: 414;23: 888;26: 654;28: 392;29: 453;34: 11;35: 809;38: 916;39: 130;4: 988;41: 624;50: 4;56: 189;57: 776;67: 605;77: 39;
receive insert
insert key: 36 465
quit insert function
dump: 2: 414;23: 888;26: 654;28: 392;29: 453;34: 11;35: 809;36: 465;38: 916;39: 130;4: 988;41: 624;50: 4;56: 189;57: 776;67: 605;77: 39;
receive insert
insert key: 98 468
quit insert function
dump: 2: 414;23: 888;26: 654;28: 392;29: 453;34: 11;35: 809;36: 465;38: 916;39: 130;4: 988;41: 624;50: 4;56: 189;57: 776;67: 605;77: 39;98: 468;
receive insert
insert key: 1 593
quit insert function
dump: 1: 593;2: 414;23: 888;26: 654;28: 392;29: 453;34: 11;35: 809;36: 465;38: 916;39: 130;4: 988;41: 624;50: 4;56: 189;57: 776;67: 605;77: 39;98: 468;
receive insert
insert key: 97 516
quit insert function
dump: 1: 593;2: 414;23: 888;26: 654;28: 392;29: 453;34: 11;35: 809;36: 465;38: 916;39: 130;4: 988;41: 624;50: 4;56: 189;57: 776;67: 605;77: 39;97: 516;98: 468;
receive insert
insert key: 93 937
quit insert function
dump: 1: 593;2: 414;23: 888;26: 654;28: 392;29: 453;34: 11;35: 809;36: 465;38: 916;39: 130;4: 988;41: 624;50: 4;56: 189;57: 776;67: 605;77: 39;93: 937;97: 516;98: 468;
receive insert
insert key: 91 145
quit insert function
dump: 1: 593;2: 414;23: 888;26: 654;28: 392;29: 453;34: 11;35: 809;36: 465;38: 916;39: 130;4: 988;41: 624;50: 4;56: 189;57: 776;67: 605;77: 39;91: 145;93: 937;97: 516;98: 468;
receive insert
insert key: 58 920
quit insert function
dump: 1: 593;2: 414;23: 888;26: 654;28: 392;29: 453;34: 11;35: 809;36: 465;38: 916;39: 130;4: 988;41: 624;50: 4;56: 189;57: 776;58: 920;67: 605;77: 39;91: 145;93: 937;97: 516;98: 468;
receive insert
insert key: 99 578
quit insert function
dump: 1: 593;2: 414;23: 888;26: 654;28: 392;29: 453;34: 11;35: 809;36: 465;38: 916;39: 130;4: 988;41: 624;50: 4;56: 189;57: 776;58: 920;67: 605;77: 39;91: 145;93: 937;97: 516;98: 468;99: 578;
receive insert
insert key: 18 89
quit insert function
dump: 1: 593;18: 89;2: 414;23: 888;26: 654;28: 392;29: 453;34: 11;35: 809;36: 465;38: 916;39: 130;4: 988;41: 624;50: 4;56: 189;57: 776;58: 920;67: 605;77: 39;91: 145;93: 937;97: 516;98: 468;99: 578;
receive insert
insert key: 52 878
quit insert function
dump: 1: 593;18: 89;2: 414;23: 888;26: 654;28: 392;29: 453;34: 11;35: 809;36: 465;38: 916;39: 130;4: 988;41: 624;50: 4;52: 878;56: 189;57: 776;58: 920;67: 605;77: 39;91: 145;93: 937;97: 516;98: 468;99: 578;
receive insert
insert key: 93 60
quit insert function
dump: 1: 593;18: 89;2: 414;23: 888;26: 654;28: 392;29: 453;34: 11;35: 809;36: 465;38: 916;39: 130;4: 988;41: 624;50: 4;52: 878;56: 189;57: 776;58: 920;67: 605;77: 39;91: 145;93: 60;97: 516;98: 468;99: 578;
receive insert
insert key: 45 535
quit insert function
dump: 1: 593;18: 89;2: 414;23: 888;26: 654;28: 392;29: 453;34: 11;35: 809;36: 465;38: 916;39: 130;4: 988;41: 624;45: 535;50: 4;52: 878;56: 189;57: 776;58: 920;67: 605;77: 39;91: 145;93: 60;97: 516;98: 468;99: 578;
receive insert
insert key: 14 437
quit insert function
dump: 1: 593;14: 437;18: 89;2: 414;23: 888;26: 654;28: 392;29: 453;34: 11;35: 809;36: 465;38: 916;39: 130;4: 988;41: 624;45: 535;50: 4;52: 878;56: 189;57: 776;58: 920;67: 605;77: 39;91: 145;93: 60;97: 516;98: 468;99: 578;
receive insert
insert key: 43 256
quit insert function
dump: 1: 593;14: 437;18: 89;2: 414;23: 888;26: 654;28: 392;29: 453;34: 11;35: 809;36: 465;38: 916;39: 130;4: 988;41: 624;43: 256;45: 535;50: 4;52: 878;56: 189;57: 776;58: 920;67: 605;77: 39;91: 145;93: 60;97: 516;98: 468;99: 578;
receive insert
insert key: 92 86
quit insert function
dump: 1: 593;14: 437;18: 89;2: 414;23: 888;26: 654;28: 392;29: 453;34: 11;35: 809;36: 465;38: 916;39: 130;4: 988;41: 624;43: 256;45: 535;50: 4;52: 878;56: 189;57: 776;58: 920;67: 605;77: 39;91: 145;92: 86;93: 60;97: 516;98: 468;99: 578;
receive insert
insert key: 80 472
quit insert function
dump: 1: 593;14: 437;18: 89;2: 414;23: 888;26: 654;28: 392;29: 453;34: 11;35: 809;36: 465;38: 916;39: 130;4: 988;41: 624;43: 256;45: 535;50: 4;52: 878;56: 189;57: 776;58: 920;67: 605;77: 39;80: 472;91: 145;92: 86;93: 60;97: 516;98: 468;99: 578;
receive insert
insert key: 75 680
quit insert function
dump: 1: 593;14: 437;18: 89;2: 414;23: 888;26: 654;28: 392;29: 453;34: 11;35: 809;36: 465;38: 916;39: 130;4: 988;41: 624;43: 256;45: 535;50: 4;52: 878;56: 189;57: 776;58: 920;67: 605;75: 680;77: 39;80: 472;91: 145;92: 86;93: 60;97: 516;98: 468;99: 578;
receive insert
insert key: 85 19
quit insert function
dump: 1: 593;14: 437;18: 89;2: 414;23: 888;26: 654;28: 392;29: 453;34: 11;35: 809;36: 465;38: 916;39: 130;4: 988;41: 624;43: 256;45: 535;50: 4;52: 878;56: 189;57: 776;58: 920;67: 605;75: 680;77: 39;80: 472;85: 19;91: 145;92: 86;93: 60;97: 516;98: 468;99: 578;
receive insert
insert key: 63 828
quit insert function
dump: 1: 593;14: 437;18: 89;2: 414;23: 888;26: 654;28: 392;29: 453;34: 11;35: 809;36: 465;38: 916;39: 130;4: 988;41: 624;43: 256;45: 535;50: 4;52: 878;56: 189;57: 776;58: 920;63: 828;67: 605;75: 680;77: 39;80: 472;85: 19;91: 145;92: 86;93: 60;97: 516;98: 468;99: 578;
receive insert
insert key: 50 753
quit insert function
dump: 1: 593;14: 437;18: 89;2: 414;23: 888;26: 654;28: 392;29: 453;34: 11;35: 809;36: 465;38: 916;39: 130;4: 988;41: 624;43: 256;45: 535;50: 753;52: 878;56: 189;57: 776;58: 920;63: 828;67: 605;75: 680;77: 39;80: 472;85: 19;91: 145;92: 86;93: 60;97: 516;98: 468;99: 578;
receive insert
insert key: 9 876
quit insert function
dump: 1: 593;14: 437;18: 89;2: 414;23: 888;26: 654;28: 392;29: 453;34: 11;35: 809;36: 465;38: 916;39: 130;4: 988;41: 624;43: 256;45: 535;50: 753;52: 878;56: 189;57: 776;58: 920;63: 828;67: 605;75: 680;77: 39;80: 472;85: 19;9: 876;91: 145;92: 86;93: 60;97: 516;98: 468;99: 578;
receive insert
insert key: 91 616
quit insert function
dump: 1: 593;14: 437;18: 89;2: 414;23: 888;26: 654;28: 392;29: 453;34: 11;35: 809;36: 465;38: 916;39: 130;4: 988;41: 624;43: 256;45: 535;50: 753;52: 878;56: 189;57: 776;58: 920;63: 828;67: 605;75: 680;77: 39;80: 472;85: 19;9: 876;91: 616;92: 86;93: 60;97: 516;98: 468;99: 578;
receive insert
insert key: 19 726
quit insert function
dump: 1: 593;14: 437;18: 89;19: 726;2: 414;23: 888;26: 654;28: 392;29: 453;34: 11;35: 809;36: 465;38: 916;39: 130;4: 988;41: 624;43: 256;45: 535;50: 753;52: 878;56: 189;57: 776;58: 920;63: 828;67: 605;75: 680;77: 39;80: 472;85: 19;9: 876;91: 616;92: 86;93: 60;97: 516;98: 468;99: 578;
receive insert
insert key: 92 524
quit insert function
dump: 1: 593;14: 437;18: 89;19: 726;2: 414;23: 888;26: 654;28: 392;29: 453;34: 11;35: 809;36: 465;38: 916;39: 130;4: 988;41: 624;43: 256;45: 535;50: 753;52: 878;56: 189;57: 776;58: 920;63: 828;67: 605;75: 680;77: 39;80: 472;85: 19;9: 876;91: 616;92: 524;93: 60;97: 516;98: 468;99: 578;
receive insert
insert key: 14 815
quit insert function
dump: 1: 593;14: 815;18: 89;19: 726;2: 414;23: 888;26: 654;28: 392;29: 453;34: 11;35: 809;36: 465;38: 916;39: 130;4: 988;41: 624;43: 256;45: 535;50: 753;52: 878;56: 189;57: 776;58: 920;63: 828;67: 605;75: 680;77: 39;80: 472;85: 19;9: 876;91: 616;92: 524;93: 60;97: 516;98: 468;99: 578;
receive insert
insert key: 22 988
quit insert function
dump: 1: 593;14: 815;18: 89;19: 726;2: 414;22: 988;23: 888;26: 654;28: 392;29: 453;34: 11;35: 809;36: 465;38: 916;39: 130;4: 988;41: 624;43: 256;45: 535;50: 753;52: 878;56: 189;57: 776;58: 920;63: 828;67: 605;75: 680;77: 39;80: 472;85: 19;9: 876;91: 616;92: 524;93: 60;97: 516;98: 468;99: 578;
receive insert
insert key: 76 164
quit insert function
add subscriber: http://127.0.0.1:3004/insert
subscriber added
start chunks
send chunk http://127.0.0.1:3004/insert: [Update(36, 465), Update(38, 916), Update(39, 130), Update(4, 988), Update(41, 624)]
forward chunk successed
chunks sent
dump: 1: 593;14: 815;18: 89;19: 726;2: 414;22: 988;23: 888;26: 654;28: 392;29: 453;34: 11;35: 809;36: 465;38: 916;39: 130;4: 988;41: 624;43: 256;45: 535;50: 753;52: 878;56: 189;57: 776;58: 920;63: 828;67: 605;75: 680;76: 164;77: 39;80: 472;85: 19;9: 876;91: 616;92: 524;93: 60;97: 516;98: 468;99: 578;
receive insert
insert key: 71 297
quit insert function
dump: 1: 593;14: 815;18: 89;19: 726;2: 414;22: 988;23: 888;26: 654;28: 392;29: 453;34: 11;35: 809;36: 465;38: 916;39: 130;4: 988;41: 624;43: 256;45: 535;50: 753;52: 878;56: 189;57: 776;58: 920;63: 828;67: 605;71: 297;75: 680;76: 164;77: 39;80: 472;85: 19;9: 876;91: 616;92: 524;93: 60;97: 516;98: 468;99: 578;
start chunks
send chunk http://127.0.0.1:3004/insert: [Update(43, 256), Update(45, 535), Update(50, 753), Update(52, 878), Update(56, 189)]
forward chunk successed
chunks sent
receive insert
insert key: 7 503
quit insert function
dump: 1: 593;14: 815;18: 89;19: 726;2: 414;22: 988;23: 888;26: 654;28: 392;29: 453;34: 11;35: 809;36: 465;38: 916;39: 130;4: 988;41: 624;43: 256;45: 535;50: 753;52: 878;56: 189;57: 776;58: 920;63: 828;67: 605;7: 503;71: 297;75: 680;76: 164;77: 39;80: 472;85: 19;9: 876;91: 616;92: 524;93: 60;97: 516;98: 468;99: 578;
start chunks
send chunk http://127.0.0.1:3004/insert: [Update(57, 776), Update(58, 920)]
forward chunk successed
chunks sent
receive insert
insert key: 10 586
quit insert function
dump: 1: 593;10: 586;14: 815;18: 89;19: 726;2: 414;22: 988;23: 888;26: 654;28: 392;29: 453;34: 11;35: 809;36: 465;38: 916;39: 130;4: 988;41: 624;43: 256;45: 535;50: 753;52: 878;56: 189;57: 776;58: 920;63: 828;67: 605;7: 503;71: 297;75: 680;76: 164;77: 39;80: 472;85: 19;9: 876;91: 616;92: 524;93: 60;97: 516;98: 468;99: 578;
receive insert
insert key: 72 749
quit insert function
dump: 1: 593;10: 586;14: 815;18: 89;19: 726;2: 414;22: 988;23: 888;26: 654;28: 392;29: 453;34: 11;35: 809;36: 465;38: 916;39: 130;4: 988;41: 624;43: 256;45: 535;50: 753;52: 878;56: 189;57: 776;58: 920;63: 828;67: 605;7: 503;71: 297;72: 749;75: 680;76: 164;77: 39;80: 472;85: 19;9: 876;91: 616;92: 524;93: 60;97: 516;98: 468;99: 578;
start chunks
pass subscriber http://127.0.0.1:3004/insert
chunks sent
receive insert
insert key: 17 910
quit insert function
dump: 1: 593;10: 586;14: 815;17: 910;18: 89;19: 726;2: 414;22: 988;23: 888;26: 654;28: 392;29: 453;34: 11;35: 809;36: 465;38: 916;39: 130;4: 988;41: 624;43: 256;45: 535;50: 753;52: 878;56: 189;57: 776;58: 920;63: 828;67: 605;7: 503;71: 297;72: 749;75: 680;76: 164;77: 39;80: 472;85: 19;9: 876;91: 616;92: 524;93: 60;97: 516;98: 468;99: 578;
start chunks
pass subscriber http://127.0.0.1:3004/insert
chunks sent
receive insert
insert key: 19 614
quit insert function
dump: 1: 593;10: 586;14: 815;17: 910;18: 89;19: 614;2: 414;22: 988;23: 888;26: 654;28: 392;29: 453;34: 11;35: 809;36: 465;38: 916;39: 130;4: 988;41: 624;43: 256;45: 535;50: 753;52: 878;56: 189;57: 776;58: 920;63: 828;67: 605;7: 503;71: 297;72: 749;75: 680;76: 164;77: 39;80: 472;85: 19;9: 876;91: 616;92: 524;93: 60;97: 516;98: 468;99: 578;
start chunks
pass subscriber http://127.0.0.1:3004/insert
chunks sent
receive insert
insert key: 37 650
forward update http://127.0.0.1:3004/insert: 37 650
quit insert function
dump: 1: 593;10: 586;14: 815;17: 910;18: 89;19: 614;2: 414;22: 988;23: 888;26: 654;28: 392;29: 453;34: 11;35: 809;36: 465;37: 650;38: 916;39: 130;4: 988;41: 624;43: 256;45: 535;50: 753;52: 878;56: 189;57: 776;58: 920;63: 828;67: 605;7: 503;71: 297;72: 749;75: 680;76: 164;77: 39;80: 472;85: 19;9: 876;91: 616;92: 524;93: 60;97: 516;98: 468;99: 578;
receive insert
insert key: 55 649
forward update http://127.0.0.1:3004/insert: 55 649
quit insert function
dump: 1: 593;10: 586;14: 815;17: 910;18: 89;19: 614;2: 414;22: 988;23: 888;26: 654;28: 392;29: 453;34: 11;35: 809;36: 465;37: 650;38: 916;39: 130;4: 988;41: 624;43: 256;45: 535;50: 753;52: 878;55: 649;56: 189;57: 776;58: 920;63: 828;67: 605;7: 503;71: 297;72: 749;75: 680;76: 164;77: 39;80: 472;85: 19;9: 876;91: 616;92: 524;93: 60;97: 516;98: 468;99: 578;
start chunks
pass subscriber http://127.0.0.1:3004/insert
chunks sent
receive insert
insert key: 37 143
forward update http://127.0.0.1:3004/insert: 37 143
quit insert function
dump: 1: 593;10: 586;14: 815;17: 910;18: 89;19: 614;2: 414;22: 988;23: 888;26: 654;28: 392;29: 453;34: 11;35: 809;36: 465;37: 143;38: 916;39: 130;4: 988;41: 624;43: 256;45: 535;50: 753;52: 878;55: 649;56: 189;57: 776;58: 920;63: 828;67: 605;7: 503;71: 297;72: 749;75: 680;76: 164;77: 39;80: 472;85: 19;9: 876;91: 616;92: 524;93: 60;97: 516;98: 468;99: 578;
start chunks
pass subscriber http://127.0.0.1:3004/insert
chunks sent
receive insert
insert key: 90 770
quit insert function
dump: 1: 593;10: 586;14: 815;17: 910;18: 89;19: 614;2: 414;22: 988;23: 888;26: 654;28: 392;29: 453;34: 11;35: 809;36: 465;37: 143;38: 916;39: 130;4: 988;41: 624;43: 256;45: 535;50: 753;52: 878;55: 649;56: 189;57: 776;58: 920;63: 828;67: 605;7: 503;71: 297;72: 749;75: 680;76: 164;77: 39;80: 472;85: 19;9: 876;90: 770;91: 616;92: 524;93: 60;97: 516;98: 468;99: 578;
receive insert
insert key: 21 735
quit insert function
dump: 1: 593;10: 586;14: 815;17: 910;18: 89;19: 614;2: 414;21: 735;22: 988;23: 888;26: 654;28: 392;29: 453;34: 11;35: 809;36: 465;37: 143;38: 916;39: 130;4: 988;41: 624;43: 256;45: 535;50: 753;52: 878;55: 649;56: 189;57: 776;58: 920;63: 828;67: 605;7: 503;71: 297;72: 749;75: 680;76: 164;77: 39;80: 472;85: 19;9: 876;90: 770;91: 616;92: 524;93: 60;97: 516;98: 468;99: 578;
start chunks
pass subscriber http://127.0.0.1:3004/insert
chunks sent
receive insert
insert key: 19 351
quit insert function
dump: 1: 593;10: 586;14: 815;17: 910;18: 89;19: 351;2: 414;21: 735;22: 988;23: 888;26: 654;28: 392;29: 453;34: 11;35: 809;36: 465;37: 143;38: 916;39: 130;4: 988;41: 624;43: 256;45: 535;50: 753;52: 878;55: 649;56: 189;57: 776;58: 920;63: 828;67: 605;7: 503;71: 297;72: 749;75: 680;76: 164;77: 39;80: 472;85: 19;9: 876;90: 770;91: 616;92: 524;93: 60;97: 516;98: 468;99: 578;
start chunks
pass subscriber http://127.0.0.1:3004/insert
chunks sent
receive insert
insert key: 82 116
quit insert function
dump: 1: 593;10: 586;14: 815;17: 910;18: 89;19: 351;2: 414;21: 735;22: 988;23: 888;26: 654;28: 392;29: 453;34: 11;35: 809;36: 465;37: 143;38: 916;39: 130;4: 988;41: 624;43: 256;45: 535;50: 753;52: 878;55: 649;56: 189;57: 776;58: 920;63: 828;67: 605;7: 503;71: 297;72: 749;75: 680;76: 164;77: 39;80: 472;82: 116;85: 19;9: 876;90: 770;91: 616;92: 524;93: 60;97: 516;98: 468;99: 578;
receive insert
insert key: 57 884
quit insert function
dump: 1: 593;10: 586;14: 815;17: 910;18: 89;19: 351;2: 414;21: 735;22: 988;23: 888;26: 654;28: 392;29: 453;34: 11;35: 809;36: 465;37: 143;38: 916;39: 130;4: 988;41: 624;43: 256;45: 535;50: 753;52: 878;55: 649;56: 189;57: 884;58: 920;63: 828;67: 605;7: 503;71: 297;72: 749;75: 680;76: 164;77: 39;80: 472;82: 116;85: 19;9: 876;90: 770;91: 616;92: 524;93: 60;97: 516;98: 468;99: 578;
start chunks
pass subscriber http://127.0.0.1:3004/insert
chunks sent
receive insert
insert key: 17 423
quit insert function
dump: 1: 593;10: 586;14: 815;17: 423;18: 89;19: 351;2: 414;21: 735;22: 988;23: 888;26: 654;28: 392;29: 453;34: 11;35: 809;36: 465;37: 143;38: 916;39: 130;4: 988;41: 624;43: 256;45: 535;50: 753;52: 878;55: 649;56: 189;57: 884;58: 920;63: 828;67: 605;7: 503;71: 297;72: 749;75: 680;76: 164;77: 39;80: 472;82: 116;85: 19;9: 876;90: 770;91: 616;92: 524;93: 60;97: 516;98: 468;99: 578;
start chunks
pass subscriber http://127.0.0.1:3004/insert
chunks sent
receive insert
insert key: 35 401
forward update http://127.0.0.1:3004/insert: 35 401
quit insert function
dump: 1: 593;10: 586;14: 815;17: 423;18: 89;19: 351;2: 414;21: 735;22: 988;23: 888;26: 654;28: 392;29: 453;34: 11;35: 401;36: 465;37: 143;38: 916;39: 130;4: 988;41: 624;43: 256;45: 535;50: 753;52: 878;55: 649;56: 189;57: 884;58: 920;63: 828;67: 605;7: 503;71: 297;72: 749;75: 680;76: 164;77: 39;80: 472;82: 116;85: 19;9: 876;90: 770;91: 616;92: 524;93: 60;97: 516;98: 468;99: 578;
receive insert
insert key: 91 507
quit insert function
dump: 1: 593;10: 586;14: 815;17: 423;18: 89;19: 351;2: 414;21: 735;22: 988;23: 888;26: 654;28: 392;29: 453;34: 11;35: 401;36: 465;37: 143;38: 916;39: 130;4: 988;41: 624;43: 256;45: 535;50: 753;52: 878;55: 649;56: 189;57: 884;58: 920;63: 828;67: 605;7: 503;71: 297;72: 749;75: 680;76: 164;77: 39;80: 472;82: 116;85: 19;9: 876;90: 770;91: 507;92: 524;93: 60;97: 516;98: 468;99: 578;
start chunks
pass subscriber http://127.0.0.1:3004/insert
chunks sent
receive insert
insert key: 57 492
quit insert function
dump: 1: 593;10: 586;14: 815;17: 423;18: 89;19: 351;2: 414;21: 735;22: 988;23: 888;26: 654;28: 392;29: 453;34: 11;35: 401;36: 465;37: 143;38: 916;39: 130;4: 988;41: 624;43: 256;45: 535;50: 753;52: 878;55: 649;56: 189;57: 492;58: 920;63: 828;67: 605;7: 503;71: 297;72: 749;75: 680;76: 164;77: 39;80: 472;82: 116;85: 19;9: 876;90: 770;91: 507;92: 524;93: 60;97: 516;98: 468;99: 578;
start chunks
pass subscriber http://127.0.0.1:3004/insert
chunks sent
receive insert
insert key: 16 678
quit insert function
dump: 1: 593;10: 586;14: 815;16: 678;17: 423;18: 89;19: 351;2: 414;21: 735;22: 988;23: 888;26: 654;28: 392;29: 453;34: 11;35: 401;36: 465;37: 143;38: 916;39: 130;4: 988;41: 624;43: 256;45: 535;50: 753;52: 878;55: 649;56: 189;57: 492;58: 920;63: 828;67: 605;7: 503;71: 297;72: 749;75: 680;76: 164;77: 39;80: 472;82: 116;85: 19;9: 876;90: 770;91: 507;92: 524;93: 60;97: 516;98: 468;99: 578;
start chunks
pass subscriber http://127.0.0.1:3004/insert
chunks sent
receive insert
insert key: 47 431
forward update http://127.0.0.1:3004/insert: 47 431
quit insert function
dump: 1: 593;10: 586;14: 815;16: 678;17: 423;18: 89;19: 351;2: 414;21: 735;22: 988;23: 888;26: 654;28: 392;29: 453;34: 11;35: 401;36: 465;37: 143;38: 916;39: 130;4: 988;41: 624;43: 256;45: 535;47: 431;50: 753;52: 878;55: 649;56: 189;57: 492;58: 920;63: 828;67: 605;7: 503;71: 297;72: 749;75: 680;76: 164;77: 39;80: 472;82: 116;85: 19;9: 876;90: 770;91: 507;92: 524;93: 60;97: 516;98: 468;99: 578;
receive insert
insert key: 30 656
forward update http://127.0.0.1:3004/insert: 30 656
quit insert function
dump: 1: 593;10: 586;14: 815;16: 678;17: 423;18: 89;19: 351;2: 414;21: 735;22: 988;23: 888;26: 654;28: 392;29: 453;30: 656;34: 11;35: 401;36: 465;37: 143;38: 916;39: 130;4: 988;41: 624;43: 256;45: 535;47: 431;50: 753;52: 878;55: 649;56: 189;57: 492;58: 920;63: 828;67: 605;7: 503;71: 297;72: 749;75: 680;76: 164;77: 39;80: 472;82: 116;85: 19;9: 876;90: 770;91: 507;92: 524;93: 60;97: 516;98: 468;99: 578;
start chunks
pass subscriber http://127.0.0.1:3004/insert
chunks sent
receive insert
insert key: 7 466
quit insert function
dump: 1: 593;10: 586;14: 815;16: 678;17: 423;18: 89;19: 351;2: 414;21: 735;22: 988;23: 888;26: 654;28: 392;29: 453;30: 656;34: 11;35: 401;36: 465;37: 143;38: 916;39: 130;4: 988;41: 624;43: 256;45: 535;47: 431;50: 753;52: 878;55: 649;56: 189;57: 492;58: 920;63: 828;67: 605;7: 466;71: 297;72: 749;75: 680;76: 164;77: 39;80: 472;82: 116;85: 19;9: 876;90: 770;91: 507;92: 524;93: 60;97: 516;98: 468;99: 578;
receive insert
insert key: 72 156
quit insert function
dump: 1: 593;10: 586;14: 815;16: 678;17: 423;18: 89;19: 351;2: 414;21: 735;22: 988;23: 888;26: 654;28: 392;29: 453;30: 656;34: 11;35: 401;36: 465;37: 143;38: 916;39: 130;4: 988;41: 624;43: 256;45: 535;47: 431;50: 753;52: 878;55: 649;56: 189;57: 492;58: 920;63: 828;67: 605;7: 466;71: 297;72: 156;75: 680;76: 164;77: 39;80: 472;82: 116;85: 19;9: 876;90: 770;91: 507;92: 524;93: 60;97: 516;98: 468;99: 578;
start chunks
pass subscriber http://127.0.0.1:3004/insert
chunks sent
receive insert
insert key: 80 268
quit insert function
dump: 1: 593;10: 586;14: 815;16: 678;17: 423;18: 89;19: 351;2: 414;21: 735;22: 988;23: 888;26: 654;28: 392;29: 453;30: 656;34: 11;35: 401;36: 465;37: 143;38: 916;39: 130;4: 988;41: 624;43: 256;45: 535;47: 431;50: 753;52: 878;55: 649;56: 189;57: 492;58: 920;63: 828;67: 605;7: 466;71: 297;72: 156;75: 680;76: 164;77: 39;80: 268;82: 116;85: 19;9: 876;90: 770;91: 507;92: 524;93: 60;97: 516;98: 468;99: 578;
start chunks
pass subscriber http://127.0.0.1:3004/insert
chunks sent
receive insert
insert key: 6 895
quit insert function
dump: 1: 593;10: 586;14: 815;16: 678;17: 423;18: 89;19: 351;2: 414;21: 735;22: 988;23: 888;26: 654;28: 392;29: 453;30: 656;34: 11;35: 401;36: 465;37: 143;38: 916;39: 130;4: 988;41: 624;43: 256;45: 535;47: 431;50: 753;52: 878;55: 649;56: 189;57: 492;58: 920;6: 895;63: 828;67: 605;7: 466;71: 297;72: 156;75: 680;76: 164;77: 39;80: 268;82: 116;85: 19;9: 876;90: 770;91: 507;92: 524;93: 60;97: 516;98: 468;99: 578;
receive insert
insert key: 78 322
quit insert function
start chunks
pass subscriber http://127.0.0.1:3004/insert
chunks sent
dump: 1: 593;10: 586;14: 815;16: 678;17: 423;18: 89;19: 351;2: 414;21: 735;22: 988;23: 888;26: 654;28: 392;29: 453;30: 656;34: 11;35: 401;36: 465;37: 143;38: 916;39: 130;4: 988;41: 624;43: 256;45: 535;47: 431;50: 753;52: 878;55: 649;56: 189;57: 492;58: 920;6: 895;63: 828;67: 605;7: 466;71: 297;72: 156;75: 680;76: 164;77: 39;78: 322;80: 268;82: 116;85: 19;9: 876;90: 770;91: 507;92: 524;93: 60;97: 516;98: 468;99: 578;
receive insert
insert key: 21 352
quit insert function
dump: 1: 593;10: 586;14: 815;16: 678;17: 423;18: 89;19: 351;2: 414;21: 352;22: 988;23: 888;26: 654;28: 392;29: 453;30: 656;34: 11;35: 401;36: 465;37: 143;38: 916;39: 130;4: 988;41: 624;43: 256;45: 535;47: 431;50: 753;52: 878;55: 649;56: 189;57: 492;58: 920;6: 895;63: 828;67: 605;7: 466;71: 297;72: 156;75: 680;76: 164;77: 39;78: 322;80: 268;82: 116;85: 19;9: 876;90: 770;91: 507;92: 524;93: 60;97: 516;98: 468;99: 578;
start chunks
pass subscriber http://127.0.0.1:3004/insert
chunks sent
receive insert
insert key: 22 174
quit insert function
dump: 1: 593;10: 586;14: 815;16: 678;17: 423;18: 89;19: 351;2: 414;21: 352;22: 174;23: 888;26: 654;28: 392;29: 453;30: 656;34: 11;35: 401;36: 465;37: 143;38: 916;39: 130;4: 988;41: 624;43: 256;45: 535;47: 431;50: 753;52: 878;55: 649;56: 189;57: 492;58: 920;6: 895;63: 828;67: 605;7: 466;71: 297;72: 156;75: 680;76: 164;77: 39;78: 322;80: 268;82: 116;85: 19;9: 876;90: 770;91: 507;92: 524;93: 60;97: 516;98: 468;99: 578;
start chunks
pass subscriber http://127.0.0.1:3004/insert
chunks sent
receive insert
insert key: 56 355
quit insert function
dump: 1: 593;10: 586;14: 815;16: 678;17: 423;18: 89;19: 351;2: 414;21: 352;22: 174;23: 888;26: 654;28: 392;29: 453;30: 656;34: 11;35: 401;36: 465;37: 143;38: 916;39: 130;4: 988;41: 624;43: 256;45: 535;47: 431;50: 753;52: 878;55: 649;56: 355;57: 492;58: 920;6: 895;63: 828;67: 605;7: 466;71: 297;72: 156;75: 680;76: 164;77: 39;78: 322;80: 268;82: 116;85: 19;9: 876;90: 770;91: 507;92: 524;93: 60;97: 516;98: 468;99: 578;
start chunks
pass subscriber http://127.0.0.1:3004/insert
chunks sent
receive insert
insert key: 78 754
quit insert function
dump: 1: 593;10: 586;14: 815;16: 678;17: 423;18: 89;19: 351;2: 414;21: 352;22: 174;23: 888;26: 654;28: 392;29: 453;30: 656;34: 11;35: 401;36: 465;37: 143;38: 916;39: 130;4: 988;41: 624;43: 256;45: 535;47: 431;50: 753;52: 878;55: 649;56: 355;57: 492;58: 920;6: 895;63: 828;67: 605;7: 466;71: 297;72: 156;75: 680;76: 164;77: 39;78: 754;80: 268;82: 116;85: 19;9: 876;90: 770;91: 507;92: 524;93: 60;97: 516;98: 468;99: 578;
start chunks
pass subscriber http://127.0.0.1:3004/insert
chunks sent
receive insert
insert key: 92 77
quit insert function
dump: 1: 593;10: 586;14: 815;16: 678;17: 423;18: 89;19: 351;2: 414;21: 352;22: 174;23: 888;26: 654;28: 392;29: 453;30: 656;34: 11;35: 401;36: 465;37: 143;38: 916;39: 130;4: 988;41: 624;43: 256;45: 535;47: 431;50: 753;52: 878;55: 649;56: 355;57: 492;58: 920;6: 895;63: 828;67: 605;7: 466;71: 297;72: 156;75: 680;76: 164;77: 39;78: 754;80: 268;82: 116;85: 19;9: 876;90: 770;91: 507;92: 77;93: 60;97: 516;98: 468;99: 578;
receive insert
insert key: 6 817
quit insert function
dump: 1: 593;10: 586;14: 815;16: 678;17: 423;18: 89;19: 351;2: 414;21: 352;22: 174;23: 888;26: 654;28: 392;29: 453;30: 656;34: 11;35: 401;36: 465;37: 143;38: 916;39: 130;4: 988;41: 624;43: 256;45: 535;47: 431;50: 753;52: 878;55: 649;56: 355;57: 492;58: 920;6: 817;63: 828;67: 605;7: 466;71: 297;72: 156;75: 680;76: 164;77: 39;78: 754;80: 268;82: 116;85: 19;9: 876;90: 770;91: 507;92: 77;93: 60;97: 516;98: 468;99: 578;
start chunks
pass subscriber http://127.0.0.1:3004/insert
chunks sent
receive insert
insert key: 29 437
forward update http://127.0.0.1:3004/insert: 29 437
quit insert function
dump: 1: 593;10: 586;14: 815;16: 678;17: 423;18: 89;19: 351;2: 414;21: 352;22: 174;23: 888;26: 654;28: 392;29: 437;30: 656;34: 11;35: 401;36: 465;37: 143;38: 916;39: 130;4: 988;41: 624;43: 256;45: 535;47: 431;50: 753;52: 878;55: 649;56: 355;57: 492;58: 920;6: 817;63: 828;67: 605;7: 466;71: 297;72: 156;75: 680;76: 164;77: 39;78: 754;80: 268;82: 116;85: 19;9: 876;90: 770;91: 507;92: 77;93: 60;97: 516;98: 468;99: 578;
start chunks
pass subscriber http://127.0.0.1:3004/insert
chunks sent
receive insert
insert key: 92 411
quit insert function
dump: 1: 593;10: 586;14: 815;16: 678;17: 423;18: 89;19: 351;2: 414;21: 352;22: 174;23: 888;26: 654;28: 392;29: 437;30: 656;34: 11;35: 401;36: 465;37: 143;38: 916;39: 130;4: 988;41: 624;43: 256;45: 535;47: 431;50: 753;52: 878;55: 649;56: 355;57: 492;58: 920;6: 817;63: 828;67: 605;7: 466;71: 297;72: 156;75: 680;76: 164;77: 39;78: 754;80: 268;82: 116;85: 19;9: 876;90: 770;91: 507;92: 411;93: 60;97: 516;98: 468;99: 578;
start chunks
pass subscriber http://127.0.0.1:3004/insert
chunks sent
receive insert
insert key: 97 525
quit insert function
dump: 1: 593;10: 586;14: 815;16: 678;17: 423;18: 89;19: 351;2: 414;21: 352;22: 174;23: 888;26: 654;28: 392;29: 437;30: 656;34: 11;35: 401;36: 465;37: 143;38: 916;39: 130;4: 988;41: 624;43: 256;45: 535;47: 431;50: 753;52: 878;55: 649;56: 355;57: 492;58: 920;6: 817;63: 828;67: 605;7: 466;71: 297;72: 156;75: 680;76: 164;77: 39;78: 754;80: 268;82: 116;85: 19;9: 876;90: 770;91: 507;92: 411;93: 60;97: 525;98: 468;99: 578;
start chunks
pass subscriber http://127.0.0.1:3004/insert
chunks sent
receive insert
insert key: 53 138
quit insert function
dump: 1: 593;10: 586;14: 815;16: 678;17: 423;18: 89;19: 351;2: 414;21: 352;22: 174;23: 888;26: 654;28: 392;29: 437;30: 656;34: 11;35: 401;36: 465;37: 143;38: 916;39: 130;4: 988;41: 624;43: 256;45: 535;47: 431;50: 753;52: 878;53: 138;55: 649;56: 355;57: 492;58: 920;6: 817;63: 828;67: 605;7: 466;71: 297;72: 156;75: 680;76: 164;77: 39;78: 754;80: 268;82: 116;85: 19;9: 876;90: 770;91: 507;92: 411;93: 60;97: 525;98: 468;99: 578;
receive insert
insert key: 92 364
quit insert function
dump: 1: 593;10: 586;14: 815;16: 678;17: 423;18: 89;19: 351;2: 414;21: 352;22: 174;23: 888;26: 654;28: 392;29: 437;30: 656;34: 11;35: 401;36: 465;37: 143;38: 916;39: 130;4: 988;41: 624;43: 256;45: 535;47: 431;50: 753;52: 878;53: 138;55: 649;56: 355;57: 492;58: 920;6: 817;63: 828;67: 605;7: 466;71: 297;72: 156;75: 680;76: 164;77: 39;78: 754;80: 268;82: 116;85: 19;9: 876;90: 770;91: 507;92: 364;93: 60;97: 525;98: 468;99: 578;
start chunks
pass subscriber http://127.0.0.1:3004/insert
chunks sent
receive insert
insert key: 14 318
quit insert function
dump: 1: 593;10: 586;14: 318;16: 678;17: 423;18: 89;19: 351;2: 414;21: 352;22: 174;23: 888;26: 654;28: 392;29: 437;30: 656;34: 11;35: 401;36: 465;37: 143;38: 916;39: 130;4: 988;41: 624;43: 256;45: 535;47: 431;50: 753;52: 878;53: 138;55: 649;56: 355;57: 492;58: 920;6: 817;63: 828;67: 605;7: 466;71: 297;72: 156;75: 680;76: 164;77: 39;78: 754;80: 268;82: 116;85: 19;9: 876;90: 770;91: 507;92: 364;93: 60;97: 525;98: 468;99: 578;
start chunks
pass subscriber http://127.0.0.1:3004/insert
chunks sent
receive insert
insert key: 67 446
quit insert function
dump: 1: 593;10: 586;14: 318;16: 678;17: 423;18: 89;19: 351;2: 414;21: 352;22: 174;23: 888;26: 654;28: 392;29: 437;30: 656;34: 11;35: 401;36: 465;37: 143;38: 916;39: 130;4: 988;41: 624;43: 256;45: 535;47: 431;50: 753;52: 878;53: 138;55: 649;56: 355;57: 492;58: 920;6: 817;63: 828;67: 446;7: 466;71: 297;72: 156;75: 680;76: 164;77: 39;78: 754;80: 268;82: 116;85: 19;9: 876;90: 770;91: 507;92: 364;93: 60;97: 525;98: 468;99: 578;
receive insert
insert key: 100 26
quit insert function
dump: 1: 593;10: 586;100: 26;14: 318;16: 678;17: 423;18: 89;19: 351;2: 414;21: 352;22: 174;23: 888;26: 654;28: 392;29: 437;30: 656;34: 11;35: 401;36: 465;37: 143;38: 916;39: 130;4: 988;41: 624;43: 256;45: 535;47: 431;50: 753;52: 878;53: 138;55: 649;56: 355;57: 492;58: 920;6: 817;63: 828;67: 446;7: 466;71: 297;72: 156;75: 680;76: 164;77: 39;78: 754;80: 268;82: 116;85: 19;9: 876;90: 770;91: 507;92: 364;93: 60;97: 525;98: 468;99: 578;
start chunks
pass subscriber http://127.0.0.1:3004/insert
chunks sent
receive insert
insert key: 15 935
quit insert function
dump: 1: 593;10: 586;100: 26;14: 318;15: 935;16: 678;17: 423;18: 89;19: 351;2: 414;21: 352;22: 174;23: 888;26: 654;28: 392;29: 437;30: 656;34: 11;35: 401;36: 465;37: 143;38: 916;39: 130;4: 988;41: 624;43: 256;45: 535;47: 431;50: 753;52: 878;53: 138;55: 649;56: 355;57: 492;58: 920;6: 817;63: 828;67: 446;7: 466;71: 297;72: 156;75: 680;76: 164;77: 39;78: 754;80: 268;82: 116;85: 19;9: 876;90: 770;91: 507;92: 364;93: 60;97: 525;98: 468;99: 578;
start chunks
pass subscriber http://127.0.0.1:3004/insert
chunks sent
receive insert
insert key: 18 786
quit insert function
dump: 1: 593;10: 586;100: 26;14: 318;15: 935;16: 678;17: 423;18: 786;19: 351;2: 414;21: 352;22: 174;23: 888;26: 654;28: 392;29: 437;30: 656;34: 11;35: 401;36: 465;37: 143;38: 916;39: 130;4: 988;41: 624;43: 256;45: 535;47: 431;50: 753;52: 878;53: 138;55: 649;56: 355;57: 492;58: 920;6: 817;63: 828;67: 446;7: 466;71: 297;72: 156;75: 680;76: 164;77: 39;78: 754;80: 268;82: 116;85: 19;9: 876;90: 770;91: 507;92: 364;93: 60;97: 525;98: 468;99: 578;
start chunks
pass subscriber http://127.0.0.1:3004/insert
chunks sent
receive insert
insert key: 96 491
quit insert function
dump: 1: 593;10: 586;100: 26;14: 318;15: 935;16: 678;17: 423;18: 786;19: 351;2: 414;21: 352;22: 174;23: 888;26: 654;28: 392;29: 437;30: 656;34: 11;35: 401;36: 465;37: 143;38: 916;39: 130;4: 988;41: 624;43: 256;45: 535;47: 431;50: 753;52: 878;53: 138;55: 649;56: 355;57: 492;58: 920;6: 817;63: 828;67: 446;7: 466;71: 297;72: 156;75: 680;76: 164;77: 39;78: 754;80: 268;82: 116;85: 19;9: 876;90: 770;91: 507;92: 364;93: 60;96: 491;97: 525;98: 468;99: 578;
start chunks
pass subscriber http://127.0.0.1:3004/insert
chunks sent
receive insert
insert key: 98 715
quit insert function
dump: 1: 593;10: 586;100: 26;14: 318;15: 935;16: 678;17: 423;18: 786;19: 351;2: 414;21: 352;22: 174;23: 888;26: 654;28: 392;29: 437;30: 656;34: 11;35: 401;36: 465;37: 143;38: 916;39: 130;4: 988;41: 624;43: 256;45: 535;47: 431;50: 753;52: 878;53: 138;55: 649;56: 355;57: 492;58: 920;6: 817;63: 828;67: 446;7: 466;71: 297;72: 156;75: 680;76: 164;77: 39;78: 754;80: 268;82: 116;85: 19;9: 876;90: 770;91: 507;92: 364;93: 60;96: 491;97: 525;98: 715;99: 578;
receive insert
insert key: 47 935
quit insert function
dump: 1: 593;10: 586;100: 26;14: 318;15: 935;16: 678;17: 423;18: 786;19: 351;2: 414;21: 352;22: 174;23: 888;26: 654;28: 392;29: 437;30: 656;34: 11;35: 401;36: 465;37: 143;38: 916;39: 130;4: 988;41: 624;43: 256;45: 535;47: 935;50: 753;52: 878;53: 138;55: 649;56: 355;57: 492;58: 920;6: 817;63: 828;67: 446;7: 466;71: 297;72: 156;75: 680;76: 164;77: 39;78: 754;80: 268;82: 116;85: 19;9: 876;90: 770;91: 507;92: 364;93: 60;96: 491;97: 525;98: 715;99: 578;
start chunks
pass subscriber http://127.0.0.1:3004/insert
chunks sent
receive insert
insert key: 67 679
quit insert function
dump: 1: 593;10: 586;100: 26;14: 318;15: 935;16: 678;17: 423;18: 786;19: 351;2: 414;21: 352;22: 174;23: 888;26: 654;28: 392;29: 437;30: 656;34: 11;35: 401;36: 465;37: 143;38: 916;39: 130;4: 988;41: 624;43: 256;45: 535;47: 935;50: 753;52: 878;53: 138;55: 649;56: 355;57: 492;58: 920;6: 817;63: 828;67: 679;7: 466;71: 297;72: 156;75: 680;76: 164;77: 39;78: 754;80: 268;82: 116;85: 19;9: 876;90: 770;91: 507;92: 364;93: 60;96: 491;97: 525;98: 715;99: 578;
start chunks
pass subscriber http://127.0.0.1:3004/insert
chunks sent
receive insert
insert key: 41 950
forward update http://127.0.0.1:3004/insert: 41 950
quit insert function
dump: 1: 593;10: 586;100: 26;14: 318;15: 935;16: 678;17: 423;18: 786;19: 351;2: 414;21: 352;22: 174;23: 888;26: 654;28: 392;29: 437;30: 656;34: 11;35: 401;36: 465;37: 143;38: 916;39: 130;4: 988;41: 950;43: 256;45: 535;47: 935;50: 753;52: 878;53: 138;55: 649;56: 355;57: 492;58: 920;6: 817;63: 828;67: 679;7: 466;71: 297;72: 156;75: 680;76: 164;77: 39;78: 754;80: 268;82: 116;85: 19;9: 876;90: 770;91: 507;92: 364;93: 60;96: 491;97: 525;98: 715;99: 578;
receive insert
insert key: 78 392
quit insert function
dump: 1: 593;10: 586;100: 26;14: 318;15: 935;16: 678;17: 423;18: 786;19: 351;2: 414;21: 352;22: 174;23: 888;26: 654;28: 392;29: 437;30: 656;34: 11;35: 401;36: 465;37: 143;38: 916;39: 130;4: 988;41: 950;43: 256;45: 535;47: 935;50: 753;52: 878;53: 138;55: 649;56: 355;57: 492;58: 920;6: 817;63: 828;67: 679;7: 466;71: 297;72: 156;75: 680;76: 164;77: 39;78: 392;80: 268;82: 116;85: 19;9: 876;90: 770;91: 507;92: 364;93: 60;96: 491;97: 525;98: 715;99: 578;
start chunks
pass subscriber http://127.0.0.1:3004/insert
chunks sent
receive insert
insert key: 28 983
forward update http://127.0.0.1:3004/insert: 28 983
quit insert function
dump: 1: 593;10: 586;100: 26;14: 318;15: 935;16: 678;17: 423;18: 786;19: 351;2: 414;21: 352;22: 174;23: 888;26: 654;28: 983;29: 437;30: 656;34: 11;35: 401;36: 465;37: 143;38: 916;39: 130;4: 988;41: 950;43: 256;45: 535;47: 935;50: 753;52: 878;53: 138;55: 649;56: 355;57: 492;58: 920;6: 817;63: 828;67: 679;7: 466;71: 297;72: 156;75: 680;76: 164;77: 39;78: 392;80: 268;82: 116;85: 19;9: 876;90: 770;91: 507;92: 364;93: 60;96: 491;97: 525;98: 715;99: 578;
start chunks
pass subscriber http://127.0.0.1:3004/insert
chunks sent
receive insert
insert key: 67 292
quit insert function
dump: 1: 593;10: 586;100: 26;14: 318;15: 935;16: 678;17: 423;18: 786;19: 351;2: 414;21: 352;22: 174;23: 888;26: 654;28: 983;29: 437;30: 656;34: 11;35: 401;36: 465;37: 143;38: 916;39: 130;4: 988;41: 950;43: 256;45: 535;47: 935;50: 753;52: 878;53: 138;55: 649;56: 355;57: 492;58: 920;6: 817;63: 828;67: 292;7: 466;71: 297;72: 156;75: 680;76: 164;77: 39;78: 392;80: 268;82: 116;85: 19;9: 876;90: 770;91: 507;92: 364;93: 60;96: 491;97: 525;98: 715;99: 578;
receive insert
insert key: 93 350
quit insert function
start chunks
pass subscriber http://127.0.0.1:3004/insert
chunks sent
dump: 1: 593;10: 586;100: 26;14: 318;15: 935;16: 678;17: 423;18: 786;19: 351;2: 414;21: 352;22: 174;23: 888;26: 654;28: 983;29: 437;30: 656;34: 11;35: 401;36: 465;37: 143;38: 916;39: 130;4: 988;41: 950;43: 256;45: 535;47: 935;50: 753;52: 878;53: 138;55: 649;56: 355;57: 492;58: 920;6: 817;63: 828;67: 292;7: 466;71: 297;72: 156;75: 680;76: 164;77: 39;78: 392;80: 268;82: 116;85: 19;9: 876;90: 770;91: 507;92: 364;93: 350;96: 491;97: 525;98: 715;99: 578;
receive insert
insert key: 86 267
quit insert function
dump: 1: 593;10: 586;100: 26;14: 318;15: 935;16: 678;17: 423;18: 786;19: 351;2: 414;21: 352;22: 174;23: 888;26: 654;28: 983;29: 437;30: 656;34: 11;35: 401;36: 465;37: 143;38: 916;39: 130;4: 988;41: 950;43: 256;45: 535;47: 935;50: 753;52: 878;53: 138;55: 649;56: 355;57: 492;58: 920;6: 817;63: 828;67: 292;7: 466;71: 297;72: 156;75: 680;76: 164;77: 39;78: 392;80: 268;82: 116;85: 19;86: 267;9: 876;90: 770;91: 507;92: 364;93: 350;96: 491;97: 525;98: 715;99: 578;
start chunks
pass subscriber http://127.0.0.1:3004/insert
chunks sent
receive insert
insert key: 30 884
forward update http://127.0.0.1:3004/insert: 30 884
quit insert function
dump: 1: 593;10: 586;100: 26;14: 318;15: 935;16: 678;17: 423;18: 786;19: 351;2: 414;21: 352;22: 174;23: 888;26: 654;28: 983;29: 437;30: 884;34: 11;35: 401;36: 465;37: 143;38: 916;39: 130;4: 988;41: 950;43: 256;45: 535;47: 935;50: 753;52: 878;53: 138;55: 649;56: 355;57: 492;58: 920;6: 817;63: 828;67: 292;7: 466;71: 297;72: 156;75: 680;76: 164;77: 39;78: 392;80: 268;82: 116;85: 19;86: 267;9: 876;90: 770;91: 507;92: 364;93: 350;96: 491;97: 525;98: 715;99: 578;
start chunks
pass subscriber http://127.0.0.1:3004/insert
chunks sent
receive insert
insert key: 52 90
quit insert function
dump: 1: 593;10: 586;100: 26;14: 318;15: 935;16: 678;17: 423;18: 786;19: 351;2: 414;21: 352;22: 174;23: 888;26: 654;28: 983;29: 437;30: 884;34: 11;35: 401;36: 465;37: 143;38: 916;39: 130;4: 988;41: 950;43: 256;45: 535;47: 935;50: 753;52: 90;53: 138;55: 649;56: 355;57: 492;58: 920;6: 817;63: 828;67: 292;7: 466;71: 297;72: 156;75: 680;76: 164;77: 39;78: 392;80: 268;82: 116;85: 19;86: 267;9: 876;90: 770;91: 507;92: 364;93: 350;96: 491;97: 525;98: 715;99: 578;
receive insert
insert key: 19 279
quit insert function
dump: 1: 593;10: 586;100: 26;14: 318;15: 935;16: 678;17: 423;18: 786;19: 279;2: 414;21: 352;22: 174;23: 888;26: 654;28: 983;29: 437;30: 884;34: 11;35: 401;36: 465;37: 143;38: 916;39: 130;4: 988;41: 950;43: 256;45: 535;47: 935;50: 753;52: 90;53: 138;55: 649;56: 355;57: 492;58: 920;6: 817;63: 828;67: 292;7: 466;71: 297;72: 156;75: 680;76: 164;77: 39;78: 392;80: 268;82: 116;85: 19;86: 267;9: 876;90: 770;91: 507;92: 364;93: 350;96: 491;97: 525;98: 715;99: 578;
start chunks
pass subscriber http://127.0.0.1:3004/insert
chunks sent
receive insert
insert key: 95 337
quit insert function
dump: 1: 593;10: 586;100: 26;14: 318;15: 935;16: 678;17: 423;18: 786;19: 279;2: 414;21: 352;22: 174;23: 888;26: 654;28: 983;29: 437;30: 884;34: 11;35: 401;36: 465;37: 143;38: 916;39: 130;4: 988;41: 950;43: 256;45: 535;47: 935;50: 753;52: 90;53: 138;55: 649;56: 355;57: 492;58: 920;6: 817;63: 828;67: 292;7: 466;71: 297;72: 156;75: 680;76: 164;77: 39;78: 392;80: 268;82: 116;85: 19;86: 267;9: 876;90: 770;91: 507;92: 364;93: 350;95: 337;96: 491;97: 525;98: 715;99: 578;
start chunks
pass subscriber http://127.0.0.1:3004/insert
chunks sent
receive insert
insert key: 9 548
quit insert function
dump: 1: 593;10: 586;100: 26;14: 318;15: 935;16: 678;17: 423;18: 786;19: 279;2: 414;21: 352;22: 174;23: 888;26: 654;28: 983;29: 437;30: 884;34: 11;35: 401;36: 465;37: 143;38: 916;39: 130;4: 988;41: 950;43: 256;45: 535;47: 935;50: 753;52: 90;53: 138;55: 649;56: 355;57: 492;58: 920;6: 817;63: 828;67: 292;7: 466;71: 297;72: 156;75: 680;76: 164;77: 39;78: 392;80: 268;82: 116;85: 19;86: 267;9: 548;90: 770;91: 507;92: 364;93: 350;95: 337;96: 491;97: 525;98: 715;99: 578;
start chunks
pass subscriber http://127.0.0.1:3004/insert
chunks sent
receive insert
insert key: 7 845
quit insert function
dump: 1: 593;10: 586;100: 26;14: 318;15: 935;16: 678;17: 423;18: 786;19: 279;2: 414;21: 352;22: 174;23: 888;26: 654;28: 983;29: 437;30: 884;34: 11;35: 401;36: 465;37: 143;38: 916;39: 130;4: 988;41: 950;43: 256;45: 535;47: 935;50: 753;52: 90;53: 138;55: 649;56: 355;57: 492;58: 920;6: 817;63: 828;67: 292;7: 845;71: 297;72: 156;75: 680;76: 164;77: 39;78: 392;80: 268;82: 116;85: 19;86: 267;9: 548;90: 770;91: 507;92: 364;93: 350;95: 337;96: 491;97: 525;98: 715;99: 578;
receive insert
insert key: 60 485
quit insert function
dump: 1: 593;10: 586;100: 26;14: 318;15: 935;16: 678;17: 423;18: 786;19: 279;2: 414;21: 352;22: 174;23: 888;26: 654;28: 983;29: 437;30: 884;34: 11;35: 401;36: 465;37: 143;38: 916;39: 130;4: 988;41: 950;43: 256;45: 535;47: 935;50: 753;52: 90;53: 138;55: 649;56: 355;57: 492;58: 920;6: 817;60: 485;63: 828;67: 292;7: 845;71: 297;72: 156;75: 680;76: 164;77: 39;78: 392;80: 268;82: 116;85: 19;86: 267;9: 548;90: 770;91: 507;92: 364;93: 350;95: 337;96: 491;97: 525;98: 715;99: 578;
start chunks
pass subscriber http://127.0.0.1:3004/insert
chunks sent
receive insert
insert key: 9 385
quit insert function
dump: 1: 593;10: 586;100: 26;14: 318;15: 935;16: 678;17: 423;18: 786;19: 279;2: 414;21: 352;22: 174;23: 888;26: 654;28: 983;29: 437;30: 884;34: 11;35: 401;36: 465;37: 143;38: 916;39: 130;4: 988;41: 950;43: 256;45: 535;47: 935;50: 753;52: 90;53: 138;55: 649;56: 355;57: 492;58: 920;6: 817;60: 485;63: 828;67: 292;7: 845;71: 297;72: 156;75: 680;76: 164;77: 39;78: 392;80: 268;82: 116;85: 19;86: 267;9: 385;90: 770;91: 507;92: 364;93: 350;95: 337;96: 491;97: 525;98: 715;99: 578;
start chunks
pass subscriber http://127.0.0.1:3004/insert
chunks sent
receive insert
insert key: 82 604
quit insert function
dump: 1: 593;10: 586;100: 26;14: 318;15: 935;16: 678;17: 423;18: 786;19: 279;2: 414;21: 352;22: 174;23: 888;26: 654;28: 983;29: 437;30: 884;34: 11;35: 401;36: 465;37: 143;38: 916;39: 130;4: 988;41: 950;43: 256;45: 535;47: 935;50: 753;52: 90;53: 138;55: 649;56: 355;57: 492;58: 920;6: 817;60: 485;63: 828;67: 292;7: 845;71: 297;72: 156;75: 680;76: 164;77: 39;78: 392;80: 268;82: 604;85: 19;86: 267;9: 385;90: 770;91: 507;92: 364;93: 350;95: 337;96: 491;97: 525;98: 715;99: 578;
start chunks
pass subscriber http://127.0.0.1:3004/insert
chunks sent
receive insert
insert key: 29 630
forward update http://127.0.0.1:3004/insert: 29 630
quit insert function
dump: 1: 593;10: 586;100: 26;14: 318;15: 935;16: 678;17: 423;18: 786;19: 279;2: 414;21: 352;22: 174;23: 888;26: 654;28: 983;29: 630;30: 884;34: 11;35: 401;36: 465;37: 143;38: 916;39: 130;4: 988;41: 950;43: 256;45: 535;47: 935;50: 753;52: 90;53: 138;55: 649;56: 355;57: 492;58: 920;6: 817;60: 485;63: 828;67: 292;7: 845;71: 297;72: 156;75: 680;76: 164;77: 39;78: 392;80: 268;82: 604;85: 19;86: 267;9: 385;90: 770;91: 507;92: 364;93: 350;95: 337;96: 491;97: 525;98: 715;99: 578;
receive insert
insert key: 31 600
forward update http://127.0.0.1:3004/insert: 31 600
quit insert function
dump: 1: 593;10: 586;100: 26;14: 318;15: 935;16: 678;17: 423;18: 786;19: 279;2: 414;21: 352;22: 174;23: 888;26: 654;28: 983;29: 630;30: 884;31: 600;34: 11;35: 401;36: 465;37: 143;38: 916;39: 130;4: 988;41: 950;43: 256;45: 535;47: 935;50: 753;52: 90;53: 138;55: 649;56: 355;57: 492;58: 920;6: 817;60: 485;63: 828;67: 292;7: 845;71: 297;72: 156;75: 680;76: 164;77: 39;78: 392;80: 268;82: 604;85: 19;86: 267;9: 385;90: 770;91: 507;92: 364;93: 350;95: 337;96: 491;97: 525;98: 715;99: 578;
start chunks
pass subscriber http://127.0.0.1:3004/insert
chunks sent
receive insert
insert key: 90 910
quit insert function
dump: 1: 593;10: 586;100: 26;14: 318;15: 935;16: 678;17: 423;18: 786;19: 279;2: 414;21: 352;22: 174;23: 888;26: 654;28: 983;29: 630;30: 884;31: 600;34: 11;35: 401;36: 465;37: 143;38: 916;39: 130;4: 988;41: 950;43: 256;45: 535;47: 935;50: 753;52: 90;53: 138;55: 649;56: 355;57: 492;58: 920;6: 817;60: 485;63: 828;67: 292;7: 845;71: 297;72: 156;75: 680;76: 164;77: 39;78: 392;80: 268;82: 604;85: 19;86: 267;9: 385;90: 910;91: 507;92: 364;93: 350;95: 337;96: 491;97: 525;98: 715;99: 578;
start chunks
pass subscriber http://127.0.0.1:3004/insert
chunks sent
receive insert
insert key: 90 229
quit insert function
dump: 1: 593;10: 586;100: 26;14: 318;15: 935;16: 678;17: 423;18: 786;19: 279;2: 414;21: 352;22: 174;23: 888;26: 654;28: 983;29: 630;30: 884;31: 600;34: 11;35: 401;36: 465;37: 143;38: 916;39: 130;4: 988;41: 950;43: 256;45: 535;47: 935;50: 753;52: 90;53: 138;55: 649;56: 355;57: 492;58: 920;6: 817;60: 485;63: 828;67: 292;7: 845;71: 297;72: 156;75: 680;76: 164;77: 39;78: 392;80: 268;82: 604;85: 19;86: 267;9: 385;90: 229;91: 507;92: 364;93: 350;95: 337;96: 491;97: 525;98: 715;99: 578;
start chunks
pass subscriber http://127.0.0.1:3004/insert
chunks sent
receive insert
insert key: 65 519
quit insert function
dump: 1: 593;10: 586;100: 26;14: 318;15: 935;16: 678;17: 423;18: 786;19: 279;2: 414;21: 352;22: 174;23: 888;26: 654;28: 983;29: 630;30: 884;31: 600;34: 11;35: 401;36: 465;37: 143;38: 916;39: 130;4: 988;41: 950;43: 256;45: 535;47: 935;50: 753;52: 90;53: 138;55: 649;56: 355;57: 492;58: 920;6: 817;60: 485;63: 828;65: 519;67: 292;7: 845;71: 297;72: 156;75: 680;76: 164;77: 39;78: 392;80: 268;82: 604;85: 19;86: 267;9: 385;90: 229;91: 507;92: 364;93: 350;95: 337;96: 491;97: 525;98: 715;99: 578;
start chunks
pass subscriber http://127.0.0.1:3004/insert
chunks sent
start chunks
pass subscriber http://127.0.0.1:3004/insert
chunks sent
start chunks
pass subscriber http://127.0.0.1:3004/insert
chunks sent
start chunks
pass subscriber http://127.0.0.1:3004/insert
chunks sent
start chunks
pass subscriber http://127.0.0.1:3004/insert
chunks sent
start chunks
pass subscriber http://127.0.0.1:3004/insert
chunks sent
start chunks
pass subscriber http://127.0.0.1:3004/insert
chunks sent
start chunks
pass subscriber http://127.0.0.1:3004/insert
chunks sent
start chunks
pass subscriber http://127.0.0.1:3004/insert
chunks sent
start chunks
pass subscriber http://127.0.0.1:3004/insert
chunks sent
start chunks
pass subscriber http://127.0.0.1:3004/insert
chunks sent
start chunks
pass subscriber http://127.0.0.1:3004/insert
chunks sent
start chunks
pass subscriber http://127.0.0.1:3004/insert
chunks sent
start chunks
pass subscriber http://127.0.0.1:3004/insert
chunks sent
start chunks
pass subscriber http://127.0.0.1:3004/insert
chunks sent
start chunks
pass subscriber http://127.0.0.1:3004/insert
chunks sent
start chunks
pass subscriber http://127.0.0.1:3004/insert
chunks sent
start chunks
pass subscriber http://127.0.0.1:3004/insert
chunks sent
start chunks
pass subscriber http://127.0.0.1:3004/insert
chunks sent
start chunks
pass subscriber http://127.0.0.1:3004/insert
chunks sent
start chunks
pass subscriber http://127.0.0.1:3004/insert
chunks sent
start chunks
pass subscriber http://127.0.0.1:3004/insert
chunks sent
start chunks
pass subscriber http://127.0.0.1:3004/insert
chunks sent
start chunks
pass subscriber http://127.0.0.1:3004/insert
chunks sent
start chunks
pass subscriber http://127.0.0.1:3004/insert
chunks sent
start chunks
pass subscriber http://127.0.0.1:3004/insert
chunks sent
start chunks
pass subscriber http://127.0.0.1:3004/insert
chunks sent
start chunks
pass subscriber http://127.0.0.1:3004/insert
chunks sent
start chunks
pass subscriber http://127.0.0.1:3004/insert
chunks sent
start chunks
pass subscriber http://127.0.0.1:3004/insert
chunks sent
start chunks
pass subscriber http://127.0.0.1:3004/insert
chunks sent
start chunks
pass subscriber http://127.0.0.1:3004/insert
chunks sent
start chunks
pass subscriber http://127.0.0.1:3004/insert
chunks sent
start chunks
pass subscriber http://127.0.0.1:3004/insert
chunks sent
start chunks
pass subscriber http://127.0.0.1:3004/insert
chunks sent
start chunks
pass subscriber http://127.0.0.1:3004/insert
chunks sent
start chunks
pass subscriber http://127.0.0.1:3004/insert
chunks sent
start chunks
pass subscriber http://127.0.0.1:3004/insert
chunks sent
start chunks
pass subscriber http://127.0.0.1:3004/insert
chunks sent
start chunks
pass subscriber http://127.0.0.1:3004/insert
chunks sent
start chunks
pass subscriber http://127.0.0.1:3004/insert
chunks sent
start chunks
pass subscriber http://127.0.0.1:3004/insert
chunks sent
start chunks
pass subscriber http://127.0.0.1:3004/insert
chunks sent
start chunks
pass subscriber http://127.0.0.1:3004/insert
chunks sent
start chunks
pass subscriber http://127.0.0.1:3004/insert
chunks sent
start chunks
pass subscriber http://127.0.0.1:3004/insert
chunks sent
start chunks
pass subscriber http://127.0.0.1:3004/insert
chunks sent
start chunks
pass subscriber http://127.0.0.1:3004/insert
chunks sent
start chunks
pass subscriber http://127.0.0.1:3004/insert
chunks sent
start chunks
pass subscriber http://127.0.0.1:3004/insert
chunks sent
start chunks
pass subscriber http://127.0.0.1:3004/insert
chunks sent
start chunks
pass subscriber http://127.0.0.1:3004/insert
chunks sent
start chunks
pass subscriber http://127.0.0.1:3004/insert
chunks sent
start chunks
pass subscriber http://127.0.0.1:3004/insert
chunks sent
start chunks
pass subscriber http://127.0.0.1:3004/insert
chunks sent
start chunks
pass subscriber http://127.0.0.1:3004/insert
chunks sent
start chunks
pass subscriber http://127.0.0.1:3004/insert
chunks sent
start chunks
pass subscriber http://127.0.0.1:3004/insert
chunks sent
start chunks
pass subscriber http://127.0.0.1:3004/insert
chunks sent
start chunks
pass subscriber http://127.0.0.1:3004/insert
chunks sent
start chunks
pass subscriber http://127.0.0.1:3004/insert
chunks sent
start chunks
pass subscriber http://127.0.0.1:3004/insert
chunks sent
start chunks
pass subscriber http://127.0.0.1:3004/insert
chunks sent
start chunks
pass subscriber http://127.0.0.1:3004/insert
chunks sent
start chunks
pass subscriber http://127.0.0.1:3004/insert
chunks sent
start chunks
pass subscriber http://127.0.0.1:3004/insert
chunks sent
start chunks
pass subscriber http://127.0.0.1:3004/insert
chunks sent
start chunks
pass subscriber http://127.0.0.1:3004/insert
chunks sent
start chunks
pass subscriber http://127.0.0.1:3004/insert
chunks sent
start chunks
pass subscriber http://127.0.0.1:3004/insert
chunks sent
start chunks
pass subscriber http://127.0.0.1:3004/insert
chunks sent
start chunks
pass subscriber http://127.0.0.1:3004/insert
chunks sent
start chunks
pass subscriber http://127.0.0.1:3004/insert
chunks sent
start chunks
pass subscriber http://127.0.0.1:3004/insert
chunks sent
start chunks
pass subscriber http://127.0.0.1:3004/insert
chunks sent
start chunks
pass subscriber http://127.0.0.1:3004/insert
chunks sent
start chunks
pass subscriber http://127.0.0.1:3004/insert
chunks sent
start chunks
pass subscriber http://127.0.0.1:3004/insert
chunks sent
start chunks
pass subscriber http://127.0.0.1:3004/insert
chunks sent
start chunks
pass subscriber http://127.0.0.1:3004/insert
chunks sent
start chunks
pass subscriber http://127.0.0.1:3004/insert
chunks sent
start chunks
pass subscriber http://127.0.0.1:3004/insert
chunks sent
start chunks
pass subscriber http://127.0.0.1:3004/insert
chunks sent
start chunks
pass subscriber http://127.0.0.1:3004/insert
chunks sent
start chunks
pass subscriber http://127.0.0.1:3004/insert
chunks sent
start chunks
pass subscriber http://127.0.0.1:3004/insert
chunks sent
start chunks
pass subscriber http://127.0.0.1:3004/insert
chunks sent
start chunks
pass subscriber http://127.0.0.1:3004/insert
chunks sent
start chunks
pass subscriber http://127.0.0.1:3004/insert
chunks sent
start chunks
pass subscriber http://127.0.0.1:3004/insert
chunks sent
start chunks
pass subscriber http://127.0.0.1:3004/insert
chunks sent
start chunks
pass subscriber http://127.0.0.1:3004/insert
chunks sent
start chunks
pass subscriber http://127.0.0.1:3004/insert
chunks sent
start chunks
pass subscriber http://127.0.0.1:3004/insert
chunks sent
start chunks
pass subscriber http://127.0.0.1:3004/insert
chunks sent
start chunks
pass subscriber http://127.0.0.1:3004/insert
chunks sent
start chunks
pass subscriber http://127.0.0.1:3004/insert
chunks sent
start chunks
pass subscriber http://127.0.0.1:3004/insert
chunks sent
start chunks
pass subscriber http://127.0.0.1:3004/insert
chunks sent
start chunks
pass subscriber http://127.0.0.1:3004/insert
chunks sent
start chunks
pass subscriber http://127.0.0.1:3004/insert
chunks sent
start chunks
pass subscriber http://127.0.0.1:3004/insert
chunks sent
start chunks
pass subscriber http://127.0.0.1:3004/insert
chunks sent
start chunks
pass subscriber http://127.0.0.1:3004/insert
chunks sent
start chunks
pass subscriber http://127.0.0.1:3004/insert
chunks sent
start chunks
pass subscriber http://127.0.0.1:3004/insert
chunks sent
start chunks
pass subscriber http://127.0.0.1:3004/insert
chunks sent
start chunks
pass subscriber http://127.0.0.1:3004/insert
chunks sent
start chunks
pass subscriber http://127.0.0.1:3004/insert
chunks sent
start chunks
pass subscriber http://127.0.0.1:3004/insert
chunks sent
start chunks
pass subscriber http://127.0.0.1:3004/insert
chunks sent
start chunks
pass subscriber http://127.0.0.1:3004/insert
chunks sent
start chunks
pass subscriber http://127.0.0.1:3004/insert
chunks sent
start chunks
pass subscriber http://127.0.0.1:3004/insert
chunks sent
start chunks
pass subscriber http://127.0.0.1:3004/insert
chunks sent
start chunks
pass subscriber http://127.0.0.1:3004/insert
chunks sent
start chunks
pass subscriber http://127.0.0.1:3004/insert
chunks sent
start chunks
pass subscriber http://127.0.0.1:3004/insert
chunks sent
start chunks
pass subscriber http://127.0.0.1:3004/insert
chunks sent
start chunks
pass subscriber http://127.0.0.1:3004/insert
chunks sent
start chunks
pass subscriber http://127.0.0.1:3004/insert
chunks sent
start chunks
pass subscriber http://127.0.0.1:3004/insert
chunks sent
start chunks
pass subscriber http://127.0.0.1:3004/insert
chunks sent
start chunks
pass subscriber http://127.0.0.1:3004/insert
chunks sent
start chunks
pass subscriber http://127.0.0.1:3004/insert
chunks sent
start chunks
pass subscriber http://127.0.0.1:3004/insert
chunks sent
start chunks
pass subscriber http://127.0.0.1:3004/insert
chunks sent
start chunks
pass subscriber http://127.0.0.1:3004/insert
chunks sent
start chunks
pass subscriber http://127.0.0.1:3004/insert
chunks sent
start chunks
pass subscriber http://127.0.0.1:3004/insert
chunks sent
start chunks
pass subscriber http://127.0.0.1:3004/insert
chunks sent
start chunks
pass subscriber http://127.0.0.1:3004/insert
chunks sent
start chunks
pass subscriber http://127.0.0.1:3004/insert
chunks sent
start chunks
pass subscriber http://127.0.0.1:3004/insert
chunks sent
start chunks
pass subscriber http://127.0.0.1:3004/insert
chunks sent
start chunks
pass subscriber http://127.0.0.1:3004/insert
chunks sent
start chunks
pass subscriber http://127.0.0.1:3004/insert
chunks sent
start chunks
pass subscriber http://127.0.0.1:3004/insert
chunks sent
start chunks
pass subscriber http://127.0.0.1:3004/insert
chunks sent
start chunks
pass subscriber http://127.0.0.1:3004/insert
chunks sent
start chunks
pass subscriber http://127.0.0.1:3004/insert
chunks sent
start chunks
pass subscriber http://127.0.0.1:3004/insert
chunks sent
start chunks
pass subscriber http://127.0.0.1:3004/insert
chunks sent
start chunks
pass subscriber http://127.0.0.1:3004/insert
chunks sent
start chunks
pass subscriber http://127.0.0.1:3004/insert
chunks sent
start chunks
pass subscriber http://127.0.0.1:3004/insert
chunks sent
start chunks
pass subscriber http://127.0.0.1:3004/insert
chunks sent
start chunks
pass subscriber http://127.0.0.1:3004/insert
chunks sent
start chunks
pass subscriber http://127.0.0.1:3004/insert
chunks sent
start chunks
pass subscriber http://127.0.0.1:3004/insert
chunks sent
start chunks
pass subscriber http://127.0.0.1:3004/insert
chunks sent
start chunks
pass subscriber http://127.0.0.1:3004/insert
chunks sent
start chunks
pass subscriber http://127.0.0.1:3004/insert
chunks sent
start chunks
pass subscriber http://127.0.0.1:3004/insert
chunks sent
start chunks
pass subscriber http://127.0.0.1:3004/insert
chunks sent
start chunks
pass subscriber http://127.0.0.1:3004/insert
chunks sent
start chunks
pass subscriber http://127.0.0.1:3004/insert
chunks sent
start chunks
pass subscriber http://127.0.0.1:3004/insert
chunks sent
start chunks
pass subscriber http://127.0.0.1:3004/insert
chunks sent
start chunks
pass subscriber http://127.0.0.1:3004/insert
chunks sent
start chunks
pass subscriber http://127.0.0.1:3004/insert
chunks sent
start chunks
pass subscriber http://127.0.0.1:3004/insert
chunks sent
start chunks
pass subscriber http://127.0.0.1:3004/insert
chunks sent
start chunks
pass subscriber http://127.0.0.1:3004/insert
chunks sent
start chunks
pass subscriber http://127.0.0.1:3004/insert
chunks sent
start chunks
pass subscriber http://127.0.0.1:3004/insert
chunks sent
start chunks
pass subscriber http://127.0.0.1:3004/insert
chunks sent
start chunks
pass subscriber http://127.0.0.1:3004/insert
chunks sent
start chunks
pass subscriber http://127.0.0.1:3004/insert
chunks sent
start chunks
pass subscriber http://127.0.0.1:3004/insert
chunks sent
start chunks
pass subscriber http://127.0.0.1:3004/insert
chunks sent
start chunks
pass subscriber http://127.0.0.1:3004/insert
chunks sent
start chunks
pass subscriber http://127.0.0.1:3004/insert
chunks sent
start chunks
pass subscriber http://127.0.0.1:3004/insert
chunks sent
start chunks
pass subscriber http://127.0.0.1:3004/insert
chunks sent
start chunks
pass subscriber http://127.0.0.1:3004/insert
chunks sent
start chunks
pass subscriber http://127.0.0.1:3004/insert
chunks sent
start chunks
pass subscriber http://127.0.0.1:3004/insert
chunks sent
start chunks
pass subscriber http://127.0.0.1:3004/insert
chunks sent
start chunks
pass subscriber http://127.0.0.1:3004/insert
chunks sent
start chunks
pass subscriber http://127.0.0.1:3004/insert
chunks sent
start chunks
pass subscriber http://127.0.0.1:3004/insert
chunks sent
start chunks
pass subscriber http://127.0.0.1:3004/insert
chunks sent
start chunks
pass subscriber http://127.0.0.1:3004/insert
chunks sent
start chunks
pass subscriber http://127.0.0.1:3004/insert
chunks sent
start chunks
pass subscriber http://127.0.0.1:3004/insert
chunks sent
start chunks
pass subscriber http://127.0.0.1:3004/insert
chunks sent
start chunks
pass subscriber http://127.0.0.1:3004/insert
chunks sent
start chunks
pass subscriber http://127.0.0.1:3004/insert
chunks sent
start chunks
pass subscriber http://127.0.0.1:3004/insert
chunks sent
start chunks
pass subscriber http://127.0.0.1:3004/insert
chunks sent
start chunks
pass subscriber http://127.0.0.1:3004/insert
chunks sent
start chunks
pass subscriber http://127.0.0.1:3004/insert
chunks sent
start chunks
pass subscriber http://127.0.0.1:3004/insert
chunks sent
start chunks
pass subscriber http://127.0.0.1:3004/insert
chunks sent
start chunks
pass subscriber http://127.0.0.1:3004/insert
chunks sent
start chunks
pass subscriber http://127.0.0.1:3004/insert
chunks sent
start chunks
pass subscriber http://127.0.0.1:3004/insert
chunks sent
start chunks
pass subscriber http://127.0.0.1:3004/insert
chunks sent
start chunks
pass subscriber http://127.0.0.1:3004/insert
chunks sent
start chunks
pass subscriber http://127.0.0.1:3004/insert
chunks sent
start chunks
pass subscriber http://127.0.0.1:3004/insert
chunks sent
start chunks
pass subscriber http://127.0.0.1:3004/insert
chunks sent
start chunks
pass subscriber http://127.0.0.1:3004/insert
chunks sent
start chunks
pass subscriber http://127.0.0.1:3004/insert
chunks sent
start chunks
pass subscriber http://127.0.0.1:3004/insert
chunks sent
start chunks
pass subscriber http://127.0.0.1:3004/insert
chunks sent
start chunks
pass subscriber http://127.0.0.1:3004/insert
chunks sent
start chunks
pass subscriber http://127.0.0.1:3004/insert
chunks sent
start chunks
pass subscriber http://127.0.0.1:3004/insert
chunks sent
start chunks
pass subscriber http://127.0.0.1:3004/insert
chunks sent
start chunks
pass subscriber http://127.0.0.1:3004/insert
chunks sent
start chunks
pass subscriber http://127.0.0.1:3004/insert
chunks sent
start chunks
pass subscriber http://127.0.0.1:3004/insert
chunks sent
start chunks
pass subscriber http://127.0.0.1:3004/insert
chunks sent
start chunks
pass subscriber http://127.0.0.1:3004/insert
chunks sent
start chunks
pass subscriber http://127.0.0.1:3004/insert
chunks sent
start chunks
pass subscriber http://127.0.0.1:3004/insert
chunks sent
start chunks
pass subscriber http://127.0.0.1:3004/insert
chunks sent
start chunks
pass subscriber http://127.0.0.1:3004/insert
chunks sent
start chunks
pass subscriber http://127.0.0.1:3004/insert
chunks sent
start chunks
pass subscriber http://127.0.0.1:3004/insert
chunks sent
start chunks
pass subscriber http://127.0.0.1:3004/insert
chunks sent
start chunks
pass subscriber http://127.0.0.1:3004/insert
chunks sent
start chunks
pass subscriber http://127.0.0.1:3004/insert
chunks sent
start chunks
pass subscriber http://127.0.0.1:3004/insert
chunks sent
start chunks
pass subscriber http://127.0.0.1:3004/insert
chunks sent
start chunks
pass subscriber http://127.0.0.1:3004/insert
chunks sent
start chunks
pass subscriber http://127.0.0.1:3004/insert
chunks sent
start chunks
pass subscriber http://127.0.0.1:3004/insert
chunks sent
start chunks
pass subscriber http://127.0.0.1:3004/insert
chunks sent
start chunks
pass subscriber http://127.0.0.1:3004/insert
chunks sent
start chunks
pass subscriber http://127.0.0.1:3004/insert
chunks sent
start chunks
pass subscriber http://127.0.0.1:3004/insert
chunks sent
start chunks
pass subscriber http://127.0.0.1:3004/insert
chunks sent
start chunks
pass subscriber http://127.0.0.1:3004/insert
chunks sent
start chunks
pass subscriber http://127.0.0.1:3004/insert
chunks sent
start chunks
pass subscriber http://127.0.0.1:3004/insert
chunks sent
start chunks
pass subscriber http://127.0.0.1:3004/insert
chunks sent
start chunks
pass subscriber http://127.0.0.1:3004/insert
chunks sent
start chunks
pass subscriber http://127.0.0.1:3004/insert
chunks sent
start chunks
pass subscriber http://127.0.0.1:3004/insert
chunks sent
start chunks
pass subscriber http://127.0.0.1:3004/insert
chunks sent
start chunks
pass subscriber http://127.0.0.1:3004/insert
chunks sent
start chunks
pass subscriber http://127.0.0.1:3004/insert
chunks sent
start chunks
pass subscriber http://127.0.0.1:3004/insert
chunks sent
start chunks
pass subscriber http://127.0.0.1:3004/insert
chunks sent
start chunks
pass subscriber http://127.0.0.1:3004/insert
chunks sent
start chunks
pass subscriber http://127.0.0.1:3004/insert
chunks sent
start chunks
pass subscriber http://127.0.0.1:3004/insert
chunks sent
start chunks
pass subscriber http://127.0.0.1:3004/insert
chunks sent
start chunks
pass subscriber http://127.0.0.1:3004/insert
chunks sent
start chunks
pass subscriber http://127.0.0.1:3004/insert
chunks sent
start chunks
pass subscriber http://127.0.0.1:3004/insert
chunks sent
start chunks
pass subscriber http://127.0.0.1:3004/insert
chunks sent
start chunks
pass subscriber http://127.0.0.1:3004/insert
chunks sent
start chunks
pass subscriber http://127.0.0.1:3004/insert
chunks sent
start chunks
pass subscriber http://127.0.0.1:3004/insert
chunks sent
start chunks
pass subscriber http://127.0.0.1:3004/insert
chunks sent
start chunks
pass subscriber http://127.0.0.1:3004/insert
chunks sent
start chunks
pass subscriber http://127.0.0.1:3004/insert
chunks sent
start chunks
pass subscriber http://127.0.0.1:3004/insert
chunks sent
start chunks
pass subscriber http://127.0.0.1:3004/insert
chunks sent
start chunks
pass subscriber http://127.0.0.1:3004/insert
chunks sent
start chunks
pass subscriber http://127.0.0.1:3004/insert
chunks sent
start chunks
pass subscriber http://127.0.0.1:3004/insert
chunks sent
start chunks
pass subscriber http://127.0.0.1:3004/insert
chunks sent
start chunks
pass subscriber http://127.0.0.1:3004/insert
chunks sent
start chunks
pass subscriber http://127.0.0.1:3004/insert
chunks sent
start chunks
pass subscriber http://127.0.0.1:3004/insert
chunks sent
start chunks
pass subscriber http://127.0.0.1:3004/insert
chunks sent
start chunks
pass subscriber http://127.0.0.1:3004/insert
chunks sent
start chunks
pass subscriber http://127.0.0.1:3004/insert
chunks sent
start chunks
pass subscriber http://127.0.0.1:3004/insert
chunks sent
start chunks
pass subscriber http://127.0.0.1:3004/insert
chunks sent
start chunks
pass subscriber http://127.0.0.1:3004/insert
chunks sent
start chunks
pass subscriber http://127.0.0.1:3004/insert
chunks sent
start chunks
pass subscriber http://127.0.0.1:3004/insert
chunks sent
start chunks
pass subscriber http://127.0.0.1:3004/insert
chunks sent
start chunks
pass subscriber http://127.0.0.1:3004/insert
chunks sent
start chunks
pass subscriber http://127.0.0.1:3004/insert
chunks sent
start chunks
pass subscriber http://127.0.0.1:3004/insert
chunks sent
start chunks
pass subscriber http://127.0.0.1:3004/insert
chunks sent
start chunks
pass subscriber http://127.0.0.1:3004/insert
chunks sent
start chunks
pass subscriber http://127.0.0.1:3004/insert
chunks sent
start chunks
pass subscriber http://127.0.0.1:3004/insert
chunks sent
start chunks
pass subscriber http://127.0.0.1:3004/insert
chunks sent
start chunks
pass subscriber http://127.0.0.1:3004/insert
chunks sent
start chunks
pass subscriber http://127.0.0.1:3004/insert
chunks sent
start chunks
pass subscriber http://127.0.0.1:3004/insert
chunks sent
start chunks
pass subscriber http://127.0.0.1:3004/insert
chunks sent
start chunks
pass subscriber http://127.0.0.1:3004/insert
chunks sent
start chunks
pass subscriber http://127.0.0.1:3004/insert
chunks sent
start chunks
pass subscriber http://127.0.0.1:3004/insert
chunks sent
start chunks
pass subscriber http://127.0.0.1:3004/insert
chunks sent
start chunks
pass subscriber http://127.0.0.1:3004/insert
chunks sent
start chunks
pass subscriber http://127.0.0.1:3004/insert
chunks sent
start chunks
pass subscriber http://127.0.0.1:3004/insert
chunks sent
start chunks
pass subscriber http://127.0.0.1:3004/insert
chunks sent
start chunks
pass subscriber http://127.0.0.1:3004/insert
chunks sent
start chunks
pass subscriber http://127.0.0.1:3004/insert
chunks sent
start chunks
pass subscriber http://127.0.0.1:3004/insert
chunks sent
start chunks
pass subscriber http://127.0.0.1:3004/insert
chunks sent
start chunks
pass subscriber http://127.0.0.1:3004/insert
chunks sent
start chunks
pass subscriber http://127.0.0.1:3004/insert
chunks sent
start chunks
pass subscriber http://127.0.0.1:3004/insert
chunks sent
start chunks
pass subscriber http://127.0.0.1:3004/insert
chunks sent
start chunks
pass subscriber http://127.0.0.1:3004/insert
chunks sent
start chunks
pass subscriber http://127.0.0.1:3004/insert
chunks sent
start chunks
pass subscriber http://127.0.0.1:3004/insert
chunks sent
start chunks
pass subscriber http://127.0.0.1:3004/insert
chunks sent
start chunks
pass subscriber http://127.0.0.1:3004/insert
chunks sent
start chunks
pass subscriber http://127.0.0.1:3004/insert
chunks sent
start chunks
pass subscriber http://127.0.0.1:3004/insert
chunks sent
start chunks
pass subscriber http://127.0.0.1:3004/insert
chunks sent
start chunks
pass subscriber http://127.0.0.1:3004/insert
chunks sent
Shudown... dump entries:

dump: 1: 593;10: 586;100: 26;14: 318;15: 935;16: 678;17: 423;18: 786;19: 279;2: 414;21: 352;22: 174;23: 888;26: 654;28: 983;29: 630;30: 884;31: 600;34: 11;35: 401;36: 465;37: 143;38: 916;39: 130;4: 988;41: 950;43: 256;45: 535;47: 935;50: 753;52: 90;53: 138;55: 649;56: 355;57: 492;58: 920;6: 817;60: 485;63: 828;65: 519;67: 292;7: 845;71: 297;72: 156;75: 680;76: 164;77: 39;78: 392;80: 268;82: 604;85: 19;86: 267;9: 385;90: 229;91: 507;92: 364;93: 350;95: 337;96: 491;97: 525;98: 715;99: 578;
