Start bootstrapable server on addr 127.0.0.1:3001
Example of posts:
Example of /insert body: {"Update":["key","value"]}
insert key: 81 334
quit insert function
dump: 81: 334;
insert key: 95 945
quit insert function
dump: 81: 334;95: 945;
insert key: 95 600
quit insert function
dump: 81: 334;95: 600;
insert key: 52 446
quit insert function
dump: 52: 446;81: 334;95: 600;
insert key: 90 595
quit insert function
dump: 52: 446;81: 334;90: 595;95: 600;
insert key: 40 75
quit insert function
dump: 40: 75;52: 446;81: 334;90: 595;95: 600;
insert key: 21 239
quit insert function
dump: 21: 239;40: 75;52: 446;81: 334;90: 595;95: 600;
insert key: 42 851
quit insert function
dump: 21: 239;40: 75;42: 851;52: 446;81: 334;90: 595;95: 600;
insert key: 41 310
quit insert function
dump: 21: 239;40: 75;41: 310;42: 851;52: 446;81: 334;90: 595;95: 600;
insert key: 43 758
quit insert function
dump: 21: 239;40: 75;41: 310;42: 851;43: 758;52: 446;81: 334;90: 595;95: 600;
insert key: 34 468
quit insert function
dump: 21: 239;34: 468;40: 75;41: 310;42: 851;43: 758;52: 446;81: 334;90: 595;95: 600;
insert key: 75 383
quit insert function
dump: 21: 239;34: 468;40: 75;41: 310;42: 851;43: 758;52: 446;75: 383;81: 334;90: 595;95: 600;
insert key: 69 492
quit insert function
dump: 21: 239;34: 468;40: 75;41: 310;42: 851;43: 758;52: 446;69: 492;75: 383;81: 334;90: 595;95: 600;
insert key: 61 55
quit insert function
dump: 21: 239;34: 468;40: 75;41: 310;42: 851;43: 758;52: 446;61: 55;69: 492;75: 383;81: 334;90: 595;95: 600;
insert key: 34 9
quit insert function
dump: 21: 239;34: 9;40: 75;41: 310;42: 851;43: 758;52: 446;61: 55;69: 492;75: 383;81: 334;90: 595;95: 600;
insert key: 18 485
quit insert function
dump: 18: 485;21: 239;34: 9;40: 75;41: 310;42: 851;43: 758;52: 446;61: 55;69: 492;75: 383;81: 334;90: 595;95: 600;
insert key: 79 720
quit insert function
dump: 18: 485;21: 239;34: 9;40: 75;41: 310;42: 851;43: 758;52: 446;61: 55;69: 492;75: 383;79: 720;81: 334;90: 595;95: 600;
insert key: 48 251
quit insert function
dump: 18: 485;21: 239;34: 9;40: 75;41: 310;42: 851;43: 758;48: 251;52: 446;61: 55;69: 492;75: 383;79: 720;81: 334;90: 595;95: 600;
insert key: 54 973
quit insert function
dump: 18: 485;21: 239;34: 9;40: 75;41: 310;42: 851;43: 758;48: 251;52: 446;54: 973;61: 55;69: 492;75: 383;79: 720;81: 334;90: 595;95: 600;
insert key: 8 167
quit insert function
dump: 18: 485;21: 239;34: 9;40: 75;41: 310;42: 851;43: 758;48: 251;52: 446;54: 973;61: 55;69: 492;75: 383;79: 720;8: 167;81: 334;90: 595;95: 600;
insert key: 49 818
quit insert function
dump: 18: 485;21: 239;34: 9;40: 75;41: 310;42: 851;43: 758;48: 251;49: 818;52: 446;54: 973;61: 55;69: 492;75: 383;79: 720;8: 167;81: 334;90: 595;95: 600;
insert key: 76 754
quit insert function
dump: 18: 485;21: 239;34: 9;40: 75;41: 310;42: 851;43: 758;48: 251;49: 818;52: 446;54: 973;61: 55;69: 492;75: 383;76: 754;79: 720;8: 167;81: 334;90: 595;95: 600;
insert key: 33 725
quit insert function
dump: 18: 485;21: 239;33: 725;34: 9;40: 75;41: 310;42: 851;43: 758;48: 251;49: 818;52: 446;54: 973;61: 55;69: 492;75: 383;76: 754;79: 720;8: 167;81: 334;90: 595;95: 600;
add subscriber: http://127.0.0.1:3003/insert
subscriber added
start chunks
send chunk http://127.0.0.1:3003/insert: [Update(43, 758), Update(48, 251), Update(49, 818), Update(52, 446), Update(54, 973), Update(61, 55), Update(69, 492)]
forward chunk successed
chunks sent
insert key: 24 727
quit insert function
dump: 18: 485;21: 239;24: 727;33: 725;34: 9;40: 75;41: 310;42: 851;43: 758;48: 251;49: 818;52: 446;54: 973;61: 55;69: 492;75: 383;76: 754;79: 720;8: 167;81: 334;90: 595;95: 600;
insert key: 45 6
forward update http://127.0.0.1:3003/insert: 45 6
quit insert function
dump: 18: 485;21: 239;24: 727;33: 725;34: 9;40: 75;41: 310;42: 851;43: 758;45: 6;48: 251;49: 818;52: 446;54: 973;61: 55;69: 492;75: 383;76: 754;79: 720;8: 167;81: 334;90: 595;95: 600;
insert key: 81 804
quit insert function
dump: 18: 485;21: 239;24: 727;33: 725;34: 9;40: 75;41: 310;42: 851;43: 758;45: 6;48: 251;49: 818;52: 446;54: 973;61: 55;69: 492;75: 383;76: 754;79: 720;8: 167;81: 804;90: 595;95: 600;
insert key: 56 738
forward update http://127.0.0.1:3003/insert: 56 738
quit insert function
dump: 18: 485;21: 239;24: 727;33: 725;34: 9;40: 75;41: 310;42: 851;43: 758;45: 6;48: 251;49: 818;52: 446;54: 973;56: 738;61: 55;69: 492;75: 383;76: 754;79: 720;8: 167;81: 804;90: 595;95: 600;
insert key: 27 207
quit insert function
dump: 18: 485;21: 239;24: 727;27: 207;33: 725;34: 9;40: 75;41: 310;42: 851;43: 758;45: 6;48: 251;49: 818;52: 446;54: 973;56: 738;61: 55;69: 492;75: 383;76: 754;79: 720;8: 167;81: 804;90: 595;95: 600;
insert key: 13 773
quit insert function
dump: 13: 773;18: 485;21: 239;24: 727;27: 207;33: 725;34: 9;40: 75;41: 310;42: 851;43: 758;45: 6;48: 251;49: 818;52: 446;54: 973;56: 738;61: 55;69: 492;75: 383;76: 754;79: 720;8: 167;81: 804;90: 595;95: 600;
insert key: 75 228
quit insert function
dump: 13: 773;18: 485;21: 239;24: 727;27: 207;33: 725;34: 9;40: 75;41: 310;42: 851;43: 758;45: 6;48: 251;49: 818;52: 446;54: 973;56: 738;61: 55;69: 492;75: 228;76: 754;79: 720;8: 167;81: 804;90: 595;95: 600;
insert key: 49 72
forward update http://127.0.0.1:3003/insert: 49 72
quit insert function
dump: 13: 773;18: 485;21: 239;24: 727;27: 207;33: 725;34: 9;40: 75;41: 310;42: 851;43: 758;45: 6;48: 251;49: 72;52: 446;54: 973;56: 738;61: 55;69: 492;75: 228;76: 754;79: 720;8: 167;81: 804;90: 595;95: 600;
insert key: 69 183
quit insert function
dump: 13: 773;18: 485;21: 239;24: 727;27: 207;33: 725;34: 9;40: 75;41: 310;42: 851;43: 758;45: 6;48: 251;49: 72;52: 446;54: 973;56: 738;61: 55;69: 183;75: 228;76: 754;79: 720;8: 167;81: 804;90: 595;95: 600;
insert key: 100 145
quit insert function
dump: 100: 145;13: 773;18: 485;21: 239;24: 727;27: 207;33: 725;34: 9;40: 75;41: 310;42: 851;43: 758;45: 6;48: 251;49: 72;52: 446;54: 973;56: 738;61: 55;69: 183;75: 228;76: 754;79: 720;8: 167;81: 804;90: 595;95: 600;
insert key: 27 804
quit insert function
dump: 100: 145;13: 773;18: 485;21: 239;24: 727;27: 804;33: 725;34: 9;40: 75;41: 310;42: 851;43: 758;45: 6;48: 251;49: 72;52: 446;54: 973;56: 738;61: 55;69: 183;75: 228;76: 754;79: 720;8: 167;81: 804;90: 595;95: 600;
insert key: 63 53
quit insert function
dump: 100: 145;13: 773;18: 485;21: 239;24: 727;27: 804;33: 725;34: 9;40: 75;41: 310;42: 851;43: 758;45: 6;48: 251;49: 72;52: 446;54: 973;56: 738;61: 55;63: 53;69: 183;75: 228;76: 754;79: 720;8: 167;81: 804;90: 595;95: 600;
start chunks
pass subscriber http://127.0.0.1:3003/insert
chunks sent
insert key: 28 993
quit insert function
dump: 100: 145;13: 773;18: 485;21: 239;24: 727;27: 804;28: 993;33: 725;34: 9;40: 75;41: 310;42: 851;43: 758;45: 6;48: 251;49: 72;52: 446;54: 973;56: 738;61: 55;63: 53;69: 183;75: 228;76: 754;79: 720;8: 167;81: 804;90: 595;95: 600;
insert key: 57 14
quit insert function
dump: 100: 145;13: 773;18: 485;21: 239;24: 727;27: 804;28: 993;33: 725;34: 9;40: 75;41: 310;42: 851;43: 758;45: 6;48: 251;49: 72;52: 446;54: 973;56: 738;57: 14;61: 55;63: 53;69: 183;75: 228;76: 754;79: 720;8: 167;81: 804;90: 595;95: 600;
insert key: 49 875
quit insert function
dump: 100: 145;13: 773;18: 485;21: 239;24: 727;27: 804;28: 993;33: 725;34: 9;40: 75;41: 310;42: 851;43: 758;45: 6;48: 251;49: 875;52: 446;54: 973;56: 738;57: 14;61: 55;63: 53;69: 183;75: 228;76: 754;79: 720;8: 167;81: 804;90: 595;95: 600;
insert key: 44 107
forward update http://127.0.0.1:3003/insert: 44 107
quit insert function
dump: 100: 145;13: 773;18: 485;21: 239;24: 727;27: 804;28: 993;33: 725;34: 9;40: 75;41: 310;42: 851;43: 758;44: 107;45: 6;48: 251;49: 875;52: 446;54: 973;56: 738;57: 14;61: 55;63: 53;69: 183;75: 228;76: 754;79: 720;8: 167;81: 804;90: 595;95: 600;
insert key: 75 541
quit insert function
dump: 100: 145;13: 773;18: 485;21: 239;24: 727;27: 804;28: 993;33: 725;34: 9;40: 75;41: 310;42: 851;43: 758;44: 107;45: 6;48: 251;49: 875;52: 446;54: 973;56: 738;57: 14;61: 55;63: 53;69: 183;75: 541;76: 754;79: 720;8: 167;81: 804;90: 595;95: 600;
insert key: 9 90
quit insert function
dump: 100: 145;13: 773;18: 485;21: 239;24: 727;27: 804;28: 993;33: 725;34: 9;40: 75;41: 310;42: 851;43: 758;44: 107;45: 6;48: 251;49: 875;52: 446;54: 973;56: 738;57: 14;61: 55;63: 53;69: 183;75: 541;76: 754;79: 720;8: 167;81: 804;9: 90;90: 595;95: 600;
insert key: 24 634
quit insert function
dump: 100: 145;13: 773;18: 485;21: 239;24: 634;27: 804;28: 993;33: 725;34: 9;40: 75;41: 310;42: 851;43: 758;44: 107;45: 6;48: 251;49: 875;52: 446;54: 973;56: 738;57: 14;61: 55;63: 53;69: 183;75: 541;76: 754;79: 720;8: 167;81: 804;9: 90;90: 595;95: 600;
insert key: 25 371
quit insert function
dump: 100: 145;13: 773;18: 485;21: 239;24: 634;25: 371;27: 804;28: 993;33: 725;34: 9;40: 75;41: 310;42: 851;43: 758;44: 107;45: 6;48: 251;49: 875;52: 446;54: 973;56: 738;57: 14;61: 55;63: 53;69: 183;75: 541;76: 754;79: 720;8: 167;81: 804;9: 90;90: 595;95: 600;
insert key: 62 518
quit insert function
dump: 100: 145;13: 773;18: 485;21: 239;24: 634;25: 371;27: 804;28: 993;33: 725;34: 9;40: 75;41: 310;42: 851;43: 758;44: 107;45: 6;48: 251;49: 875;52: 446;54: 973;56: 738;57: 14;61: 55;62: 518;63: 53;69: 183;75: 541;76: 754;79: 720;8: 167;81: 804;9: 90;90: 595;95: 600;
insert key: 62 508
quit insert function
dump: 100: 145;13: 773;18: 485;21: 239;24: 634;25: 371;27: 804;28: 993;33: 725;34: 9;40: 75;41: 310;42: 851;43: 758;44: 107;45: 6;48: 251;49: 875;52: 446;54: 973;56: 738;57: 14;61: 55;62: 508;63: 53;69: 183;75: 541;76: 754;79: 720;8: 167;81: 804;9: 90;90: 595;95: 600;
insert key: 87 640
quit insert function
dump: 100: 145;13: 773;18: 485;21: 239;24: 634;25: 371;27: 804;28: 993;33: 725;34: 9;40: 75;41: 310;42: 851;43: 758;44: 107;45: 6;48: 251;49: 875;52: 446;54: 973;56: 738;57: 14;61: 55;62: 508;63: 53;69: 183;75: 541;76: 754;79: 720;8: 167;81: 804;87: 640;9: 90;90: 595;95: 600;
insert key: 26 36
quit insert function
dump: 100: 145;13: 773;18: 485;21: 239;24: 634;25: 371;26: 36;27: 804;28: 993;33: 725;34: 9;40: 75;41: 310;42: 851;43: 758;44: 107;45: 6;48: 251;49: 875;52: 446;54: 973;56: 738;57: 14;61: 55;62: 508;63: 53;69: 183;75: 541;76: 754;79: 720;8: 167;81: 804;87: 640;9: 90;90: 595;95: 600;
start chunks
pass subscriber http://127.0.0.1:3003/insert
chunks sent
insert key: 99 296
quit insert function
dump: 100: 145;13: 773;18: 485;21: 239;24: 634;25: 371;26: 36;27: 804;28: 993;33: 725;34: 9;40: 75;41: 310;42: 851;43: 758;44: 107;45: 6;48: 251;49: 875;52: 446;54: 973;56: 738;57: 14;61: 55;62: 508;63: 53;69: 183;75: 541;76: 754;79: 720;8: 167;81: 804;87: 640;9: 90;90: 595;95: 600;99: 296;
insert key: 97 476
quit insert function
dump: 100: 145;13: 773;18: 485;21: 239;24: 634;25: 371;26: 36;27: 804;28: 993;33: 725;34: 9;40: 75;41: 310;42: 851;43: 758;44: 107;45: 6;48: 251;49: 875;52: 446;54: 973;56: 738;57: 14;61: 55;62: 508;63: 53;69: 183;75: 541;76: 754;79: 720;8: 167;81: 804;87: 640;9: 90;90: 595;95: 600;97: 476;99: 296;
insert key: 99 373
quit insert function
dump: 100: 145;13: 773;18: 485;21: 239;24: 634;25: 371;26: 36;27: 804;28: 993;33: 725;34: 9;40: 75;41: 310;42: 851;43: 758;44: 107;45: 6;48: 251;49: 875;52: 446;54: 973;56: 738;57: 14;61: 55;62: 508;63: 53;69: 183;75: 541;76: 754;79: 720;8: 167;81: 804;87: 640;9: 90;90: 595;95: 600;97: 476;99: 373;
insert key: 28 534
forward update http://127.0.0.1:3003/insert: 28 534
quit insert function
dump: 100: 145;13: 773;18: 485;21: 239;24: 634;25: 371;26: 36;27: 804;28: 534;33: 725;34: 9;40: 75;41: 310;42: 851;43: 758;44: 107;45: 6;48: 251;49: 875;52: 446;54: 973;56: 738;57: 14;61: 55;62: 508;63: 53;69: 183;75: 541;76: 754;79: 720;8: 167;81: 804;87: 640;9: 90;90: 595;95: 600;97: 476;99: 373;
insert key: 53 148
quit insert function
dump: 100: 145;13: 773;18: 485;21: 239;24: 634;25: 371;26: 36;27: 804;28: 534;33: 725;34: 9;40: 75;41: 310;42: 851;43: 758;44: 107;45: 6;48: 251;49: 875;52: 446;53: 148;54: 973;56: 738;57: 14;61: 55;62: 508;63: 53;69: 183;75: 541;76: 754;79: 720;8: 167;81: 804;87: 640;9: 90;90: 595;95: 600;97: 476;99: 373;
insert key: 99 618
quit insert function
dump: 100: 145;13: 773;18: 485;21: 239;24: 634;25: 371;26: 36;27: 804;28: 534;33: 725;34: 9;40: 75;41: 310;42: 851;43: 758;44: 107;45: 6;48: 251;49: 875;52: 446;53: 148;54: 973;56: 738;57: 14;61: 55;62: 508;63: 53;69: 183;75: 541;76: 754;79: 720;8: 167;81: 804;87: 640;9: 90;90: 595;95: 600;97: 476;99: 618;
insert key: 26 978
quit insert function
dump: 100: 145;13: 773;18: 485;21: 239;24: 634;25: 371;26: 978;27: 804;28: 534;33: 725;34: 9;40: 75;41: 310;42: 851;43: 758;44: 107;45: 6;48: 251;49: 875;52: 446;53: 148;54: 973;56: 738;57: 14;61: 55;62: 508;63: 53;69: 183;75: 541;76: 754;79: 720;8: 167;81: 804;87: 640;9: 90;90: 595;95: 600;97: 476;99: 618;
insert key: 3 834
forward update http://127.0.0.1:3003/insert: 3 834
quit insert function
dump: 100: 145;13: 773;18: 485;21: 239;24: 634;25: 371;26: 978;27: 804;28: 534;3: 834;33: 725;34: 9;40: 75;41: 310;42: 851;43: 758;44: 107;45: 6;48: 251;49: 875;52: 446;53: 148;54: 973;56: 738;57: 14;61: 55;62: 508;63: 53;69: 183;75: 541;76: 754;79: 720;8: 167;81: 804;87: 640;9: 90;90: 595;95: 600;97: 476;99: 618;
insert key: 61 505
quit insert function
dump: 100: 145;13: 773;18: 485;21: 239;24: 634;25: 371;26: 978;27: 804;28: 534;3: 834;33: 725;34: 9;40: 75;41: 310;42: 851;43: 758;44: 107;45: 6;48: 251;49: 875;52: 446;53: 148;54: 973;56: 738;57: 14;61: 505;62: 508;63: 53;69: 183;75: 541;76: 754;79: 720;8: 167;81: 804;87: 640;9: 90;90: 595;95: 600;97: 476;99: 618;
insert key: 61 677
quit insert function
dump: 100: 145;13: 773;18: 485;21: 239;24: 634;25: 371;26: 978;27: 804;28: 534;3: 834;33: 725;34: 9;40: 75;41: 310;42: 851;43: 758;44: 107;45: 6;48: 251;49: 875;52: 446;53: 148;54: 973;56: 738;57: 14;61: 677;62: 508;63: 53;69: 183;75: 541;76: 754;79: 720;8: 167;81: 804;87: 640;9: 90;90: 595;95: 600;97: 476;99: 618;
insert key: 81 31
quit insert function
dump: 100: 145;13: 773;18: 485;21: 239;24: 634;25: 371;26: 978;27: 804;28: 534;3: 834;33: 725;34: 9;40: 75;41: 310;42: 851;43: 758;44: 107;45: 6;48: 251;49: 875;52: 446;53: 148;54: 973;56: 738;57: 14;61: 677;62: 508;63: 53;69: 183;75: 541;76: 754;79: 720;8: 167;81: 31;87: 640;9: 90;90: 595;95: 600;97: 476;99: 618;
start chunks
pass subscriber http://127.0.0.1:3003/insert
chunks sent
insert key: 51 922
quit insert function
dump: 100: 145;13: 773;18: 485;21: 239;24: 634;25: 371;26: 978;27: 804;28: 534;3: 834;33: 725;34: 9;40: 75;41: 310;42: 851;43: 758;44: 107;45: 6;48: 251;49: 875;51: 922;52: 446;53: 148;54: 973;56: 738;57: 14;61: 677;62: 508;63: 53;69: 183;75: 541;76: 754;79: 720;8: 167;81: 31;87: 640;9: 90;90: 595;95: 600;97: 476;99: 618;
insert key: 35 790
forward update http://127.0.0.1:3003/insert: 35 790
quit insert function
dump: 100: 145;13: 773;18: 485;21: 239;24: 634;25: 371;26: 978;27: 804;28: 534;3: 834;33: 725;34: 9;35: 790;40: 75;41: 310;42: 851;43: 758;44: 107;45: 6;48: 251;49: 875;51: 922;52: 446;53: 148;54: 973;56: 738;57: 14;61: 677;62: 508;63: 53;69: 183;75: 541;76: 754;79: 720;8: 167;81: 31;87: 640;9: 90;90: 595;95: 600;97: 476;99: 618;
insert key: 70 759
quit insert function
dump: 100: 145;13: 773;18: 485;21: 239;24: 634;25: 371;26: 978;27: 804;28: 534;3: 834;33: 725;34: 9;35: 790;40: 75;41: 310;42: 851;43: 758;44: 107;45: 6;48: 251;49: 875;51: 922;52: 446;53: 148;54: 973;56: 738;57: 14;61: 677;62: 508;63: 53;69: 183;70: 759;75: 541;76: 754;79: 720;8: 167;81: 31;87: 640;9: 90;90: 595;95: 600;97: 476;99: 618;
insert key: 90 964
quit insert function
dump: 100: 145;13: 773;18: 485;21: 239;24: 634;25: 371;26: 978;27: 804;28: 534;3: 834;33: 725;34: 9;35: 790;40: 75;41: 310;42: 851;43: 758;44: 107;45: 6;48: 251;49: 875;51: 922;52: 446;53: 148;54: 973;56: 738;57: 14;61: 677;62: 508;63: 53;69: 183;70: 759;75: 541;76: 754;79: 720;8: 167;81: 31;87: 640;9: 90;90: 964;95: 600;97: 476;99: 618;
insert key: 93 330
quit insert function
dump: 100: 145;13: 773;18: 485;21: 239;24: 634;25: 371;26: 978;27: 804;28: 534;3: 834;33: 725;34: 9;35: 790;40: 75;41: 310;42: 851;43: 758;44: 107;45: 6;48: 251;49: 875;51: 922;52: 446;53: 148;54: 973;56: 738;57: 14;61: 677;62: 508;63: 53;69: 183;70: 759;75: 541;76: 754;79: 720;8: 167;81: 31;87: 640;9: 90;90: 964;93: 330;95: 600;97: 476;99: 618;
insert key: 2 825
quit insert function
dump: 100: 145;13: 773;18: 485;2: 825;21: 239;24: 634;25: 371;26: 978;27: 804;28: 534;3: 834;33: 725;34: 9;35: 790;40: 75;41: 310;42: 851;43: 758;44: 107;45: 6;48: 251;49: 875;51: 922;52: 446;53: 148;54: 973;56: 738;57: 14;61: 677;62: 508;63: 53;69: 183;70: 759;75: 541;76: 754;79: 720;8: 167;81: 31;87: 640;9: 90;90: 964;93: 330;95: 600;97: 476;99: 618;
insert key: 69 412
quit insert function
dump: 100: 145;13: 773;18: 485;2: 825;21: 239;24: 634;25: 371;26: 978;27: 804;28: 534;3: 834;33: 725;34: 9;35: 790;40: 75;41: 310;42: 851;43: 758;44: 107;45: 6;48: 251;49: 875;51: 922;52: 446;53: 148;54: 973;56: 738;57: 14;61: 677;62: 508;63: 53;69: 412;70: 759;75: 541;76: 754;79: 720;8: 167;81: 31;87: 640;9: 90;90: 964;93: 330;95: 600;97: 476;99: 618;
insert key: 79 49
quit insert function
dump: 100: 145;13: 773;18: 485;2: 825;21: 239;24: 634;25: 371;26: 978;27: 804;28: 534;3: 834;33: 725;34: 9;35: 790;40: 75;41: 310;42: 851;43: 758;44: 107;45: 6;48: 251;49: 875;51: 922;52: 446;53: 148;54: 973;56: 738;57: 14;61: 677;62: 508;63: 53;69: 412;70: 759;75: 541;76: 754;79: 49;8: 167;81: 31;87: 640;9: 90;90: 964;93: 330;95: 600;97: 476;99: 618;
insert key: 81 33
quit insert function
dump: 100: 145;13: 773;18: 485;2: 825;21: 239;24: 634;25: 371;26: 978;27: 804;28: 534;3: 834;33: 725;34: 9;35: 790;40: 75;41: 310;42: 851;43: 758;44: 107;45: 6;48: 251;49: 875;51: 922;52: 446;53: 148;54: 973;56: 738;57: 14;61: 677;62: 508;63: 53;69: 412;70: 759;75: 541;76: 754;79: 49;8: 167;81: 33;87: 640;9: 90;90: 964;93: 330;95: 600;97: 476;99: 618;
insert key: 92 952
quit insert function
dump: 100: 145;13: 773;18: 485;2: 825;21: 239;24: 634;25: 371;26: 978;27: 804;28: 534;3: 834;33: 725;34: 9;35: 790;40: 75;41: 310;42: 851;43: 758;44: 107;45: 6;48: 251;49: 875;51: 922;52: 446;53: 148;54: 973;56: 738;57: 14;61: 677;62: 508;63: 53;69: 412;70: 759;75: 541;76: 754;79: 49;8: 167;81: 33;87: 640;9: 90;90: 964;92: 952;93: 330;95: 600;97: 476;99: 618;
insert key: 34 320
forward update http://127.0.0.1:3003/insert: 34 320
quit insert function
dump: 100: 145;13: 773;18: 485;2: 825;21: 239;24: 634;25: 371;26: 978;27: 804;28: 534;3: 834;33: 725;34: 320;35: 790;40: 75;41: 310;42: 851;43: 758;44: 107;45: 6;48: 251;49: 875;51: 922;52: 446;53: 148;54: 973;56: 738;57: 14;61: 677;62: 508;63: 53;69: 412;70: 759;75: 541;76: 754;79: 49;8: 167;81: 33;87: 640;9: 90;90: 964;92: 952;93: 330;95: 600;97: 476;99: 618;
insert key: 0 786
quit insert function
dump: 0: 786;100: 145;13: 773;18: 485;2: 825;21: 239;24: 634;25: 371;26: 978;27: 804;28: 534;3: 834;33: 725;34: 320;35: 790;40: 75;41: 310;42: 851;43: 758;44: 107;45: 6;48: 251;49: 875;51: 922;52: 446;53: 148;54: 973;56: 738;57: 14;61: 677;62: 508;63: 53;69: 412;70: 759;75: 541;76: 754;79: 49;8: 167;81: 33;87: 640;9: 90;90: 964;92: 952;93: 330;95: 600;97: 476;99: 618;
start chunks
pass subscriber http://127.0.0.1:3003/insert
chunks sent
insert key: 16 99
quit insert function
dump: 0: 786;100: 145;13: 773;16: 99;18: 485;2: 825;21: 239;24: 634;25: 371;26: 978;27: 804;28: 534;3: 834;33: 725;34: 320;35: 790;40: 75;41: 310;42: 851;43: 758;44: 107;45: 6;48: 251;49: 875;51: 922;52: 446;53: 148;54: 973;56: 738;57: 14;61: 677;62: 508;63: 53;69: 412;70: 759;75: 541;76: 754;79: 49;8: 167;81: 33;87: 640;9: 90;90: 964;92: 952;93: 330;95: 600;97: 476;99: 618;
insert key: 18 141
quit insert function
dump: 0: 786;100: 145;13: 773;16: 99;18: 141;2: 825;21: 239;24: 634;25: 371;26: 978;27: 804;28: 534;3: 834;33: 725;34: 320;35: 790;40: 75;41: 310;42: 851;43: 758;44: 107;45: 6;48: 251;49: 875;51: 922;52: 446;53: 148;54: 973;56: 738;57: 14;61: 677;62: 508;63: 53;69: 412;70: 759;75: 541;76: 754;79: 49;8: 167;81: 33;87: 640;9: 90;90: 964;92: 952;93: 330;95: 600;97: 476;99: 618;
insert key: 25 145
forward update http://127.0.0.1:3003/insert: 25 145
quit insert function
dump: 0: 786;100: 145;13: 773;16: 99;18: 141;2: 825;21: 239;24: 634;25: 145;26: 978;27: 804;28: 534;3: 834;33: 725;34: 320;35: 790;40: 75;41: 310;42: 851;43: 758;44: 107;45: 6;48: 251;49: 875;51: 922;52: 446;53: 148;54: 973;56: 738;57: 14;61: 677;62: 508;63: 53;69: 412;70: 759;75: 541;76: 754;79: 49;8: 167;81: 33;87: 640;9: 90;90: 964;92: 952;93: 330;95: 600;97: 476;99: 618;
insert key: 76 886
quit insert function
dump: 0: 786;100: 145;13: 773;16: 99;18: 141;2: 825;21: 239;24: 634;25: 145;26: 978;27: 804;28: 534;3: 834;33: 725;34: 320;35: 790;40: 75;41: 310;42: 851;43: 758;44: 107;45: 6;48: 251;49: 875;51: 922;52: 446;53: 148;54: 973;56: 738;57: 14;61: 677;62: 508;63: 53;69: 412;70: 759;75: 541;76: 886;79: 49;8: 167;81: 33;87: 640;9: 90;90: 964;92: 952;93: 330;95: 600;97: 476;99: 618;
insert key: 91 857
quit insert function
dump: 0: 786;100: 145;13: 773;16: 99;18: 141;2: 825;21: 239;24: 634;25: 145;26: 978;27: 804;28: 534;3: 834;33: 725;34: 320;35: 790;40: 75;41: 310;42: 851;43: 758;44: 107;45: 6;48: 251;49: 875;51: 922;52: 446;53: 148;54: 973;56: 738;57: 14;61: 677;62: 508;63: 53;69: 412;70: 759;75: 541;76: 886;79: 49;8: 167;81: 33;87: 640;9: 90;90: 964;91: 857;92: 952;93: 330;95: 600;97: 476;99: 618;
insert key: 93 160
quit insert function
dump: 0: 786;100: 145;13: 773;16: 99;18: 141;2: 825;21: 239;24: 634;25: 145;26: 978;27: 804;28: 534;3: 834;33: 725;34: 320;35: 790;40: 75;41: 310;42: 851;43: 758;44: 107;45: 6;48: 251;49: 875;51: 922;52: 446;53: 148;54: 973;56: 738;57: 14;61: 677;62: 508;63: 53;69: 412;70: 759;75: 541;76: 886;79: 49;8: 167;81: 33;87: 640;9: 90;90: 964;91: 857;92: 952;93: 160;95: 600;97: 476;99: 618;
insert key: 18 200
quit insert function
dump: 0: 786;100: 145;13: 773;16: 99;18: 200;2: 825;21: 239;24: 634;25: 145;26: 978;27: 804;28: 534;3: 834;33: 725;34: 320;35: 790;40: 75;41: 310;42: 851;43: 758;44: 107;45: 6;48: 251;49: 875;51: 922;52: 446;53: 148;54: 973;56: 738;57: 14;61: 677;62: 508;63: 53;69: 412;70: 759;75: 541;76: 886;79: 49;8: 167;81: 33;87: 640;9: 90;90: 964;91: 857;92: 952;93: 160;95: 600;97: 476;99: 618;
insert key: 96 988
quit insert function
dump: 0: 786;100: 145;13: 773;16: 99;18: 200;2: 825;21: 239;24: 634;25: 145;26: 978;27: 804;28: 534;3: 834;33: 725;34: 320;35: 790;40: 75;41: 310;42: 851;43: 758;44: 107;45: 6;48: 251;49: 875;51: 922;52: 446;53: 148;54: 973;56: 738;57: 14;61: 677;62: 508;63: 53;69: 412;70: 759;75: 541;76: 886;79: 49;8: 167;81: 33;87: 640;9: 90;90: 964;91: 857;92: 952;93: 160;95: 600;96: 988;97: 476;99: 618;
insert key: 82 697
quit insert function
dump: 0: 786;100: 145;13: 773;16: 99;18: 200;2: 825;21: 239;24: 634;25: 145;26: 978;27: 804;28: 534;3: 834;33: 725;34: 320;35: 790;40: 75;41: 310;42: 851;43: 758;44: 107;45: 6;48: 251;49: 875;51: 922;52: 446;53: 148;54: 973;56: 738;57: 14;61: 677;62: 508;63: 53;69: 412;70: 759;75: 541;76: 886;79: 49;8: 167;81: 33;82: 697;87: 640;9: 90;90: 964;91: 857;92: 952;93: 160;95: 600;96: 988;97: 476;99: 618;
insert key: 99 412
quit insert function
dump: 0: 786;100: 145;13: 773;16: 99;18: 200;2: 825;21: 239;24: 634;25: 145;26: 978;27: 804;28: 534;3: 834;33: 725;34: 320;35: 790;40: 75;41: 310;42: 851;43: 758;44: 107;45: 6;48: 251;49: 875;51: 922;52: 446;53: 148;54: 973;56: 738;57: 14;61: 677;62: 508;63: 53;69: 412;70: 759;75: 541;76: 886;79: 49;8: 167;81: 33;82: 697;87: 640;9: 90;90: 964;91: 857;92: 952;93: 160;95: 600;96: 988;97: 476;99: 412;
insert key: 0 878
quit insert function
dump: 0: 878;100: 145;13: 773;16: 99;18: 200;2: 825;21: 239;24: 634;25: 145;26: 978;27: 804;28: 534;3: 834;33: 725;34: 320;35: 790;40: 75;41: 310;42: 851;43: 758;44: 107;45: 6;48: 251;49: 875;51: 922;52: 446;53: 148;54: 973;56: 738;57: 14;61: 677;62: 508;63: 53;69: 412;70: 759;75: 541;76: 886;79: 49;8: 167;81: 33;82: 697;87: 640;9: 90;90: 964;91: 857;92: 952;93: 160;95: 600;96: 988;97: 476;99: 412;
insert key: 24 237
forward update http://127.0.0.1:3003/insert: 24 237
quit insert function
dump: 0: 878;100: 145;13: 773;16: 99;18: 200;2: 825;21: 239;24: 237;25: 145;26: 978;27: 804;28: 534;3: 834;33: 725;34: 320;35: 790;40: 75;41: 310;42: 851;43: 758;44: 107;45: 6;48: 251;49: 875;51: 922;52: 446;53: 148;54: 973;56: 738;57: 14;61: 677;62: 508;63: 53;69: 412;70: 759;75: 541;76: 886;79: 49;8: 167;81: 33;82: 697;87: 640;9: 90;90: 964;91: 857;92: 952;93: 160;95: 600;96: 988;97: 476;99: 412;
start chunks
pass subscriber http://127.0.0.1:3003/insert
chunks sent
insert key: 51 76
quit insert function
dump: 0: 878;100: 145;13: 773;16: 99;18: 200;2: 825;21: 239;24: 237;25: 145;26: 978;27: 804;28: 534;3: 834;33: 725;34: 320;35: 790;40: 75;41: 310;42: 851;43: 758;44: 107;45: 6;48: 251;49: 875;51: 76;52: 446;53: 148;54: 973;56: 738;57: 14;61: 677;62: 508;63: 53;69: 412;70: 759;75: 541;76: 886;79: 49;8: 167;81: 33;82: 697;87: 640;9: 90;90: 964;91: 857;92: 952;93: 160;95: 600;96: 988;97: 476;99: 412;
insert key: 12 877
quit insert function
dump: 0: 878;100: 145;12: 877;13: 773;16: 99;18: 200;2: 825;21: 239;24: 237;25: 145;26: 978;27: 804;28: 534;3: 834;33: 725;34: 320;35: 790;40: 75;41: 310;42: 851;43: 758;44: 107;45: 6;48: 251;49: 875;51: 76;52: 446;53: 148;54: 973;56: 738;57: 14;61: 677;62: 508;63: 53;69: 412;70: 759;75: 541;76: 886;79: 49;8: 167;81: 33;82: 697;87: 640;9: 90;90: 964;91: 857;92: 952;93: 160;95: 600;96: 988;97: 476;99: 412;
insert key: 6 189
quit insert function
dump: 0: 878;100: 145;12: 877;13: 773;16: 99;18: 200;2: 825;21: 239;24: 237;25: 145;26: 978;27: 804;28: 534;3: 834;33: 725;34: 320;35: 790;40: 75;41: 310;42: 851;43: 758;44: 107;45: 6;48: 251;49: 875;51: 76;52: 446;53: 148;54: 973;56: 738;57: 14;6: 189;61: 677;62: 508;63: 53;69: 412;70: 759;75: 541;76: 886;79: 49;8: 167;81: 33;82: 697;87: 640;9: 90;90: 964;91: 857;92: 952;93: 160;95: 600;96: 988;97: 476;99: 412;
insert key: 20 557
forward update http://127.0.0.1:3003/insert: 20 557
quit insert function
dump: 0: 878;100: 145;12: 877;13: 773;16: 99;18: 200;2: 825;20: 557;21: 239;24: 237;25: 145;26: 978;27: 804;28: 534;3: 834;33: 725;34: 320;35: 790;40: 75;41: 310;42: 851;43: 758;44: 107;45: 6;48: 251;49: 875;51: 76;52: 446;53: 148;54: 973;56: 738;57: 14;6: 189;61: 677;62: 508;63: 53;69: 412;70: 759;75: 541;76: 886;79: 49;8: 167;81: 33;82: 697;87: 640;9: 90;90: 964;91: 857;92: 952;93: 160;95: 600;96: 988;97: 476;99: 412;
insert key: 99 94
quit insert function
dump: 0: 878;100: 145;12: 877;13: 773;16: 99;18: 200;2: 825;20: 557;21: 239;24: 237;25: 145;26: 978;27: 804;28: 534;3: 834;33: 725;34: 320;35: 790;40: 75;41: 310;42: 851;43: 758;44: 107;45: 6;48: 251;49: 875;51: 76;52: 446;53: 148;54: 973;56: 738;57: 14;6: 189;61: 677;62: 508;63: 53;69: 412;70: 759;75: 541;76: 886;79: 49;8: 167;81: 33;82: 697;87: 640;9: 90;90: 964;91: 857;92: 952;93: 160;95: 600;96: 988;97: 476;99: 94;
insert key: 8 267
quit insert function
dump: 0: 878;100: 145;12: 877;13: 773;16: 99;18: 200;2: 825;20: 557;21: 239;24: 237;25: 145;26: 978;27: 804;28: 534;3: 834;33: 725;34: 320;35: 790;40: 75;41: 310;42: 851;43: 758;44: 107;45: 6;48: 251;49: 875;51: 76;52: 446;53: 148;54: 973;56: 738;57: 14;6: 189;61: 677;62: 508;63: 53;69: 412;70: 759;75: 541;76: 886;79: 49;8: 267;81: 33;82: 697;87: 640;9: 90;90: 964;91: 857;92: 952;93: 160;95: 600;96: 988;97: 476;99: 94;
insert key: 37 302
quit insert function
dump: 0: 878;100: 145;12: 877;13: 773;16: 99;18: 200;2: 825;20: 557;21: 239;24: 237;25: 145;26: 978;27: 804;28: 534;3: 834;33: 725;34: 320;35: 790;37: 302;40: 75;41: 310;42: 851;43: 758;44: 107;45: 6;48: 251;49: 875;51: 76;52: 446;53: 148;54: 973;56: 738;57: 14;6: 189;61: 677;62: 508;63: 53;69: 412;70: 759;75: 541;76: 886;79: 49;8: 267;81: 33;82: 697;87: 640;9: 90;90: 964;91: 857;92: 952;93: 160;95: 600;96: 988;97: 476;99: 94;
insert key: 88 391
quit insert function
dump: 0: 878;100: 145;12: 877;13: 773;16: 99;18: 200;2: 825;20: 557;21: 239;24: 237;25: 145;26: 978;27: 804;28: 534;3: 834;33: 725;34: 320;35: 790;37: 302;40: 75;41: 310;42: 851;43: 758;44: 107;45: 6;48: 251;49: 875;51: 76;52: 446;53: 148;54: 973;56: 738;57: 14;6: 189;61: 677;62: 508;63: 53;69: 412;70: 759;75: 541;76: 886;79: 49;8: 267;81: 33;82: 697;87: 640;88: 391;9: 90;90: 964;91: 857;92: 952;93: 160;95: 600;96: 988;97: 476;99: 94;
insert key: 27 121
forward update http://127.0.0.1:3003/insert: 27 121
quit insert function
dump: 0: 878;100: 145;12: 877;13: 773;16: 99;18: 200;2: 825;20: 557;21: 239;24: 237;25: 145;26: 978;27: 121;28: 534;3: 834;33: 725;34: 320;35: 790;37: 302;40: 75;41: 310;42: 851;43: 758;44: 107;45: 6;48: 251;49: 875;51: 76;52: 446;53: 148;54: 973;56: 738;57: 14;6: 189;61: 677;62: 508;63: 53;69: 412;70: 759;75: 541;76: 886;79: 49;8: 267;81: 33;82: 697;87: 640;88: 391;9: 90;90: 964;91: 857;92: 952;93: 160;95: 600;96: 988;97: 476;99: 94;
insert key: 83 999
quit insert function
dump: 0: 878;100: 145;12: 877;13: 773;16: 99;18: 200;2: 825;20: 557;21: 239;24: 237;25: 145;26: 978;27: 121;28: 534;3: 834;33: 725;34: 320;35: 790;37: 302;40: 75;41: 310;42: 851;43: 758;44: 107;45: 6;48: 251;49: 875;51: 76;52: 446;53: 148;54: 973;56: 738;57: 14;6: 189;61: 677;62: 508;63: 53;69: 412;70: 759;75: 541;76: 886;79: 49;8: 267;81: 33;82: 697;83: 999;87: 640;88: 391;9: 90;90: 964;91: 857;92: 952;93: 160;95: 600;96: 988;97: 476;99: 94;
insert key: 77 194
quit insert function
dump: 0: 878;100: 145;12: 877;13: 773;16: 99;18: 200;2: 825;20: 557;21: 239;24: 237;25: 145;26: 978;27: 121;28: 534;3: 834;33: 725;34: 320;35: 790;37: 302;40: 75;41: 310;42: 851;43: 758;44: 107;45: 6;48: 251;49: 875;51: 76;52: 446;53: 148;54: 973;56: 738;57: 14;6: 189;61: 677;62: 508;63: 53;69: 412;70: 759;75: 541;76: 886;77: 194;79: 49;8: 267;81: 33;82: 697;83: 999;87: 640;88: 391;9: 90;90: 964;91: 857;92: 952;93: 160;95: 600;96: 988;97: 476;99: 94;
start chunks
pass subscriber http://127.0.0.1:3003/insert
chunks sent
insert key: 23 749
forward update http://127.0.0.1:3003/insert: 23 749
quit insert function
dump: 0: 878;100: 145;12: 877;13: 773;16: 99;18: 200;2: 825;20: 557;21: 239;23: 749;24: 237;25: 145;26: 978;27: 121;28: 534;3: 834;33: 725;34: 320;35: 790;37: 302;40: 75;41: 310;42: 851;43: 758;44: 107;45: 6;48: 251;49: 875;51: 76;52: 446;53: 148;54: 973;56: 738;57: 14;6: 189;61: 677;62: 508;63: 53;69: 412;70: 759;75: 541;76: 886;77: 194;79: 49;8: 267;81: 33;82: 697;83: 999;87: 640;88: 391;9: 90;90: 964;91: 857;92: 952;93: 160;95: 600;96: 988;97: 476;99: 94;
insert key: 9 273
quit insert function
dump: 0: 878;100: 145;12: 877;13: 773;16: 99;18: 200;2: 825;20: 557;21: 239;23: 749;24: 237;25: 145;26: 978;27: 121;28: 534;3: 834;33: 725;34: 320;35: 790;37: 302;40: 75;41: 310;42: 851;43: 758;44: 107;45: 6;48: 251;49: 875;51: 76;52: 446;53: 148;54: 973;56: 738;57: 14;6: 189;61: 677;62: 508;63: 53;69: 412;70: 759;75: 541;76: 886;77: 194;79: 49;8: 267;81: 33;82: 697;83: 999;87: 640;88: 391;9: 273;90: 964;91: 857;92: 952;93: 160;95: 600;96: 988;97: 476;99: 94;
insert key: 28 404
forward update http://127.0.0.1:3003/insert: 28 404
quit insert function
dump: 0: 878;100: 145;12: 877;13: 773;16: 99;18: 200;2: 825;20: 557;21: 239;23: 749;24: 237;25: 145;26: 978;27: 121;28: 404;3: 834;33: 725;34: 320;35: 790;37: 302;40: 75;41: 310;42: 851;43: 758;44: 107;45: 6;48: 251;49: 875;51: 76;52: 446;53: 148;54: 973;56: 738;57: 14;6: 189;61: 677;62: 508;63: 53;69: 412;70: 759;75: 541;76: 886;77: 194;79: 49;8: 267;81: 33;82: 697;83: 999;87: 640;88: 391;9: 273;90: 964;91: 857;92: 952;93: 160;95: 600;96: 988;97: 476;99: 94;
insert key: 10 976
quit insert function
dump: 0: 878;10: 976;100: 145;12: 877;13: 773;16: 99;18: 200;2: 825;20: 557;21: 239;23: 749;24: 237;25: 145;26: 978;27: 121;28: 404;3: 834;33: 725;34: 320;35: 790;37: 302;40: 75;41: 310;42: 851;43: 758;44: 107;45: 6;48: 251;49: 875;51: 76;52: 446;53: 148;54: 973;56: 738;57: 14;6: 189;61: 677;62: 508;63: 53;69: 412;70: 759;75: 541;76: 886;77: 194;79: 49;8: 267;81: 33;82: 697;83: 999;87: 640;88: 391;9: 273;90: 964;91: 857;92: 952;93: 160;95: 600;96: 988;97: 476;99: 94;
insert key: 5 653
quit insert function
dump: 0: 878;10: 976;100: 145;12: 877;13: 773;16: 99;18: 200;2: 825;20: 557;21: 239;23: 749;24: 237;25: 145;26: 978;27: 121;28: 404;3: 834;33: 725;34: 320;35: 790;37: 302;40: 75;41: 310;42: 851;43: 758;44: 107;45: 6;48: 251;49: 875;5: 653;51: 76;52: 446;53: 148;54: 973;56: 738;57: 14;6: 189;61: 677;62: 508;63: 53;69: 412;70: 759;75: 541;76: 886;77: 194;79: 49;8: 267;81: 33;82: 697;83: 999;87: 640;88: 391;9: 273;90: 964;91: 857;92: 952;93: 160;95: 600;96: 988;97: 476;99: 94;
insert key: 8 277
quit insert function
dump: 0: 878;10: 976;100: 145;12: 877;13: 773;16: 99;18: 200;2: 825;20: 557;21: 239;23: 749;24: 237;25: 145;26: 978;27: 121;28: 404;3: 834;33: 725;34: 320;35: 790;37: 302;40: 75;41: 310;42: 851;43: 758;44: 107;45: 6;48: 251;49: 875;5: 653;51: 76;52: 446;53: 148;54: 973;56: 738;57: 14;6: 189;61: 677;62: 508;63: 53;69: 412;70: 759;75: 541;76: 886;77: 194;79: 49;8: 277;81: 33;82: 697;83: 999;87: 640;88: 391;9: 273;90: 964;91: 857;92: 952;93: 160;95: 600;96: 988;97: 476;99: 94;
insert key: 39 668
quit insert function
dump: 0: 878;10: 976;100: 145;12: 877;13: 773;16: 99;18: 200;2: 825;20: 557;21: 239;23: 749;24: 237;25: 145;26: 978;27: 121;28: 404;3: 834;33: 725;34: 320;35: 790;37: 302;39: 668;40: 75;41: 310;42: 851;43: 758;44: 107;45: 6;48: 251;49: 875;5: 653;51: 76;52: 446;53: 148;54: 973;56: 738;57: 14;6: 189;61: 677;62: 508;63: 53;69: 412;70: 759;75: 541;76: 886;77: 194;79: 49;8: 277;81: 33;82: 697;83: 999;87: 640;88: 391;9: 273;90: 964;91: 857;92: 952;93: 160;95: 600;96: 988;97: 476;99: 94;
insert key: 27 661
forward update http://127.0.0.1:3003/insert: 27 661
quit insert function
dump: 0: 878;10: 976;100: 145;12: 877;13: 773;16: 99;18: 200;2: 825;20: 557;21: 239;23: 749;24: 237;25: 145;26: 978;27: 661;28: 404;3: 834;33: 725;34: 320;35: 790;37: 302;39: 668;40: 75;41: 310;42: 851;43: 758;44: 107;45: 6;48: 251;49: 875;5: 653;51: 76;52: 446;53: 148;54: 973;56: 738;57: 14;6: 189;61: 677;62: 508;63: 53;69: 412;70: 759;75: 541;76: 886;77: 194;79: 49;8: 277;81: 33;82: 697;83: 999;87: 640;88: 391;9: 273;90: 964;91: 857;92: 952;93: 160;95: 600;96: 988;97: 476;99: 94;
insert key: 37 270
quit insert function
dump: 0: 878;10: 976;100: 145;12: 877;13: 773;16: 99;18: 200;2: 825;20: 557;21: 239;23: 749;24: 237;25: 145;26: 978;27: 661;28: 404;3: 834;33: 725;34: 320;35: 790;37: 270;39: 668;40: 75;41: 310;42: 851;43: 758;44: 107;45: 6;48: 251;49: 875;5: 653;51: 76;52: 446;53: 148;54: 973;56: 738;57: 14;6: 189;61: 677;62: 508;63: 53;69: 412;70: 759;75: 541;76: 886;77: 194;79: 49;8: 277;81: 33;82: 697;83: 999;87: 640;88: 391;9: 273;90: 964;91: 857;92: 952;93: 160;95: 600;96: 988;97: 476;99: 94;
insert key: 5 733
quit insert function
dump: 0: 878;10: 976;100: 145;12: 877;13: 773;16: 99;18: 200;2: 825;20: 557;21: 239;23: 749;24: 237;25: 145;26: 978;27: 661;28: 404;3: 834;33: 725;34: 320;35: 790;37: 270;39: 668;40: 75;41: 310;42: 851;43: 758;44: 107;45: 6;48: 251;49: 875;5: 733;51: 76;52: 446;53: 148;54: 973;56: 738;57: 14;6: 189;61: 677;62: 508;63: 53;69: 412;70: 759;75: 541;76: 886;77: 194;79: 49;8: 277;81: 33;82: 697;83: 999;87: 640;88: 391;9: 273;90: 964;91: 857;92: 952;93: 160;95: 600;96: 988;97: 476;99: 94;
insert key: 94 986
quit insert function
dump: 0: 878;10: 976;100: 145;12: 877;13: 773;16: 99;18: 200;2: 825;20: 557;21: 239;23: 749;24: 237;25: 145;26: 978;27: 661;28: 404;3: 834;33: 725;34: 320;35: 790;37: 270;39: 668;40: 75;41: 310;42: 851;43: 758;44: 107;45: 6;48: 251;49: 875;5: 733;51: 76;52: 446;53: 148;54: 973;56: 738;57: 14;6: 189;61: 677;62: 508;63: 53;69: 412;70: 759;75: 541;76: 886;77: 194;79: 49;8: 277;81: 33;82: 697;83: 999;87: 640;88: 391;9: 273;90: 964;91: 857;92: 952;93: 160;94: 986;95: 600;96: 988;97: 476;99: 94;
start chunks
pass subscriber http://127.0.0.1:3003/insert
chunks sent
insert key: 85 983
quit insert function
dump: 0: 878;10: 976;100: 145;12: 877;13: 773;16: 99;18: 200;2: 825;20: 557;21: 239;23: 749;24: 237;25: 145;26: 978;27: 661;28: 404;3: 834;33: 725;34: 320;35: 790;37: 270;39: 668;40: 75;41: 310;42: 851;43: 758;44: 107;45: 6;48: 251;49: 875;5: 733;51: 76;52: 446;53: 148;54: 973;56: 738;57: 14;6: 189;61: 677;62: 508;63: 53;69: 412;70: 759;75: 541;76: 886;77: 194;79: 49;8: 277;81: 33;82: 697;83: 999;85: 983;87: 640;88: 391;9: 273;90: 964;91: 857;92: 952;93: 160;94: 986;95: 600;96: 988;97: 476;99: 94;
insert key: 70 741
quit insert function
dump: 0: 878;10: 976;100: 145;12: 877;13: 773;16: 99;18: 200;2: 825;20: 557;21: 239;23: 749;24: 237;25: 145;26: 978;27: 661;28: 404;3: 834;33: 725;34: 320;35: 790;37: 270;39: 668;40: 75;41: 310;42: 851;43: 758;44: 107;45: 6;48: 251;49: 875;5: 733;51: 76;52: 446;53: 148;54: 973;56: 738;57: 14;6: 189;61: 677;62: 508;63: 53;69: 412;70: 741;75: 541;76: 886;77: 194;79: 49;8: 277;81: 33;82: 697;83: 999;85: 983;87: 640;88: 391;9: 273;90: 964;91: 857;92: 952;93: 160;94: 986;95: 600;96: 988;97: 476;99: 94;
insert key: 71 409
quit insert function
dump: 0: 878;10: 976;100: 145;12: 877;13: 773;16: 99;18: 200;2: 825;20: 557;21: 239;23: 749;24: 237;25: 145;26: 978;27: 661;28: 404;3: 834;33: 725;34: 320;35: 790;37: 270;39: 668;40: 75;41: 310;42: 851;43: 758;44: 107;45: 6;48: 251;49: 875;5: 733;51: 76;52: 446;53: 148;54: 973;56: 738;57: 14;6: 189;61: 677;62: 508;63: 53;69: 412;70: 741;71: 409;75: 541;76: 886;77: 194;79: 49;8: 277;81: 33;82: 697;83: 999;85: 983;87: 640;88: 391;9: 273;90: 964;91: 857;92: 952;93: 160;94: 986;95: 600;96: 988;97: 476;99: 94;
insert key: 88 33
quit insert function
dump: 0: 878;10: 976;100: 145;12: 877;13: 773;16: 99;18: 200;2: 825;20: 557;21: 239;23: 749;24: 237;25: 145;26: 978;27: 661;28: 404;3: 834;33: 725;34: 320;35: 790;37: 270;39: 668;40: 75;41: 310;42: 851;43: 758;44: 107;45: 6;48: 251;49: 875;5: 733;51: 76;52: 446;53: 148;54: 973;56: 738;57: 14;6: 189;61: 677;62: 508;63: 53;69: 412;70: 741;71: 409;75: 541;76: 886;77: 194;79: 49;8: 277;81: 33;82: 697;83: 999;85: 983;87: 640;88: 33;9: 273;90: 964;91: 857;92: 952;93: 160;94: 986;95: 600;96: 988;97: 476;99: 94;
insert key: 92 782
quit insert function
dump: 0: 878;10: 976;100: 145;12: 877;13: 773;16: 99;18: 200;2: 825;20: 557;21: 239;23: 749;24: 237;25: 145;26: 978;27: 661;28: 404;3: 834;33: 725;34: 320;35: 790;37: 270;39: 668;40: 75;41: 310;42: 851;43: 758;44: 107;45: 6;48: 251;49: 875;5: 733;51: 76;52: 446;53: 148;54: 973;56: 738;57: 14;6: 189;61: 677;62: 508;63: 53;69: 412;70: 741;71: 409;75: 541;76: 886;77: 194;79: 49;8: 277;81: 33;82: 697;83: 999;85: 983;87: 640;88: 33;9: 273;90: 964;91: 857;92: 782;93: 160;94: 986;95: 600;96: 988;97: 476;99: 94;
insert key: 50 905
quit insert function
dump: 0: 878;10: 976;100: 145;12: 877;13: 773;16: 99;18: 200;2: 825;20: 557;21: 239;23: 749;24: 237;25: 145;26: 978;27: 661;28: 404;3: 834;33: 725;34: 320;35: 790;37: 270;39: 668;40: 75;41: 310;42: 851;43: 758;44: 107;45: 6;48: 251;49: 875;5: 733;50: 905;51: 76;52: 446;53: 148;54: 973;56: 738;57: 14;6: 189;61: 677;62: 508;63: 53;69: 412;70: 741;71: 409;75: 541;76: 886;77: 194;79: 49;8: 277;81: 33;82: 697;83: 999;85: 983;87: 640;88: 33;9: 273;90: 964;91: 857;92: 782;93: 160;94: 986;95: 600;96: 988;97: 476;99: 94;
